2025-03-24 22:12:46,005 [WARNING] PyNaCl is not installed, voice will NOT be supported
2025-03-24 22:12:46,006 [INFO] Initializing data storage...
2025-03-24 22:12:46,006 [INFO] Loaded 0 servers and 0 users
2025-03-24 22:12:46,007 [INFO] logging in using static token
2025-03-24 22:12:46,992 [INFO] Shard ID None has connected to Gateway (Session ID: 9c5482de7ff45fa1539f7e98dfe59b6d).
2025-03-24 22:12:49,115 [INFO] Logged in as Nova (ID: 1346531772841590794)
2025-03-24 22:12:49,116 [INFO] Loading extensions from commands:
2025-03-24 22:12:49,120 [INFO] Successfully loaded commands.xp
2025-03-24 22:12:49,122 [INFO] Successfully loaded commands.xp_lb
2025-03-24 22:12:49,124 [INFO] Successfully loaded commands.sparkle_leaderboard
2025-03-24 22:12:49,125 [INFO] Successfully loaded commands.ping
2025-03-24 22:12:49,126 [INFO] Successfully loaded commands.forcesparkle
2025-03-24 22:12:49,127 [INFO] Successfully loaded commands.pronouns
2025-03-24 22:12:49,128 [INFO] Successfully loaded commands.send_message
2025-03-24 22:12:49,129 [INFO] Successfully loaded commands.coins_lb
2025-03-24 22:12:49,130 [INFO] Successfully loaded commands.whoareyou
2025-03-24 22:12:49,130 [INFO] Loading extensions from events:
2025-03-24 22:12:49,131 [INFO] Successfully loaded events.boom
2025-03-24 22:12:49,132 [INFO] Successfully loaded events.name
2025-03-24 22:12:49,132 [INFO] Successfully loaded events.sparkle
2025-03-24 22:12:49,132 [INFO] Loading extensions from tasks:
2025-03-24 22:12:49,132 [INFO] Syncing commands...
2025-03-24 22:12:49,432 [INFO] Synced 8 commands:
2025-03-24 22:12:49,432 [INFO] - xp
2025-03-24 22:12:49,432 [INFO] - xpleaderboard
2025-03-24 22:12:49,432 [INFO] - leaderboard
2025-03-24 22:12:49,432 [INFO] - ping
2025-03-24 22:12:49,432 [INFO] - forcesparkle
2025-03-24 22:12:49,433 [INFO] - pronouns
2025-03-24 22:12:49,433 [INFO] - coinsleaderboard
2025-03-24 22:12:49,433 [INFO] - whoareyou
2025-03-24 22:14:06,642 [INFO] Attempting to save to json/sparkles.json
2025-03-24 22:14:06,643 [INFO] Successfully saved data to json/sparkles.json
2025-03-24 22:14:06,643 [INFO] Attempting to save to json/xp.json
2025-03-24 22:14:06,643 [INFO] Successfully saved data to json/xp.json
2025-03-24 22:14:06,644 [INFO] Attempting to save to json/coins.json
2025-03-24 22:14:06,644 [INFO] Successfully saved data to json/coins.json
2025-03-24 22:14:07,490 [WARNING] PyNaCl is not installed, voice will NOT be supported
2025-03-24 22:14:07,491 [INFO] Initializing data storage...
2025-03-24 22:14:07,492 [INFO] Loaded 0 servers and 0 users
2025-03-24 22:14:07,493 [INFO] logging in using static token
2025-03-24 22:14:08,489 [INFO] Shard ID None has connected to Gateway (Session ID: 04edf156dfecd18418d2d235f6b2baeb).
2025-03-24 22:14:08,793 [INFO] Attempting to save to json/sparkles.json
2025-03-24 22:14:08,794 [INFO] Successfully saved data to json/sparkles.json
2025-03-24 22:14:08,794 [INFO] Attempting to save to json/xp.json
2025-03-24 22:14:08,795 [INFO] Successfully saved data to json/xp.json
2025-03-24 22:14:08,795 [INFO] Attempting to save to json/coins.json
2025-03-24 22:14:08,796 [INFO] Successfully saved data to json/coins.json
2025-03-24 22:14:09,571 [WARNING] PyNaCl is not installed, voice will NOT be supported
2025-03-24 22:14:09,572 [INFO] Initializing data storage...
2025-03-24 22:14:09,573 [INFO] Loaded 0 servers and 0 users
2025-03-24 22:14:09,574 [INFO] logging in using static token
2025-03-24 22:14:10,453 [INFO] Shard ID None has connected to Gateway (Session ID: cb23da8c50575f352466a0e47775d987).
2025-03-24 22:14:12,572 [INFO] Logged in as Nova (ID: 1346531772841590794)
2025-03-24 22:14:12,573 [INFO] Loading extensions from commands:
2025-03-24 22:14:12,576 [INFO] Successfully loaded commands.xp
2025-03-24 22:14:12,577 [INFO] Successfully loaded commands.xp_lb
2025-03-24 22:14:12,578 [INFO] Successfully loaded commands.sparkle_leaderboard
2025-03-24 22:14:12,579 [INFO] Successfully loaded commands.ping
2025-03-24 22:14:12,581 [INFO] Successfully loaded commands.forcesparkle
2025-03-24 22:14:12,582 [INFO] Successfully loaded commands.pronouns
2025-03-24 22:14:12,583 [INFO] Successfully loaded commands.send_message
2025-03-24 22:14:12,585 [INFO] Successfully loaded commands.coins_lb
2025-03-24 22:14:12,586 [INFO] Successfully loaded commands.whoareyou
2025-03-24 22:14:12,586 [INFO] Loading extensions from events:
2025-03-24 22:14:12,587 [INFO] Successfully loaded events.boom
2025-03-24 22:14:12,588 [INFO] Successfully loaded events.name
2025-03-24 22:14:12,588 [INFO] Successfully loaded events.sparkle
2025-03-24 22:14:12,588 [INFO] Loading extensions from tasks:
2025-03-24 22:14:12,589 [INFO] Syncing commands...
2025-03-24 22:14:12,985 [INFO] Synced 8 commands:
2025-03-24 22:14:12,985 [INFO] - xp
2025-03-24 22:14:12,985 [INFO] - xpleaderboard
2025-03-24 22:14:12,985 [INFO] - leaderboard
2025-03-24 22:14:12,985 [INFO] - ping
2025-03-24 22:14:12,986 [INFO] - forcesparkle
2025-03-24 22:14:12,986 [INFO] - pronouns
2025-03-24 22:14:12,986 [INFO] - coinsleaderboard
2025-03-24 22:14:12,986 [INFO] - whoareyou
2025-03-24 22:17:48,162 [INFO] Attempting to save to json/sparkles.json
2025-03-24 22:17:48,165 [INFO] Successfully saved data to json/sparkles.json
2025-03-24 22:17:48,166 [INFO] Attempting to save to json/xp.json
2025-03-24 22:17:48,166 [INFO] Successfully saved data to json/xp.json
2025-03-24 22:17:48,166 [INFO] Attempting to save to json/coins.json
2025-03-24 22:17:48,166 [INFO] Successfully saved data to json/coins.json
2025-03-24 22:17:49,223 [WARNING] PyNaCl is not installed, voice will NOT be supported
2025-03-24 22:17:49,224 [INFO] Initializing data storage...
2025-03-24 22:17:49,225 [INFO] Loaded 0 servers and 0 users
2025-03-24 22:17:49,225 [DEBUG] on_ready has successfully been registered as an event
2025-03-24 22:17:49,226 [DEBUG] Using selector: EpollSelector
2025-03-24 22:17:49,226 [INFO] logging in using static token
2025-03-24 22:17:50,132 [INFO] Shard ID None has connected to Gateway (Session ID: fa561878f6695791ed9e1154c6624c95).
2025-03-24 22:17:52,253 [INFO] Logged in as Nova#1119 (ID: 1346531772841590794)
2025-03-24 22:17:52,253 [INFO] Loading extensions from commands:
2025-03-24 22:17:52,258 [INFO] ✓ Loaded commands.xp
2025-03-24 22:17:52,260 [INFO] ✓ Loaded commands.xp_lb
2025-03-24 22:17:52,263 [INFO] ✓ Loaded commands.sparkle_leaderboard
2025-03-24 22:17:52,265 [INFO] ✓ Loaded commands.ping
2025-03-24 22:17:52,267 [INFO] ✓ Loaded commands.forcesparkle
2025-03-24 22:17:52,269 [INFO] ✓ Loaded commands.pronouns
2025-03-24 22:17:52,271 [INFO] ✓ Loaded commands.send_message
2025-03-24 22:17:52,273 [INFO] ✓ Loaded commands.coins_lb
2025-03-24 22:17:52,275 [INFO] ✓ Loaded commands.whoareyou
2025-03-24 22:17:52,275 [INFO] Loading extensions from events:
2025-03-24 22:17:52,276 [INFO] ✓ Loaded events.boom
2025-03-24 22:17:52,281 [INFO] XP tracking system initialized
2025-03-24 22:17:52,281 [INFO] ✓ Loaded events.xp_tracker
2025-03-24 22:17:52,282 [INFO] ✓ Loaded events.name
2025-03-24 22:17:52,283 [INFO] ✓ Loaded events.sparkle
2025-03-24 22:17:52,283 [INFO] Loading extensions from tasks:
2025-03-24 22:17:52,540 [INFO] Sent startup message to test channel 1181193188246032554
2025-03-24 22:17:52,806 [INFO] Synced 8 commands
2025-03-24 22:18:02,473 [DEBUG] XP System: Processing message from lilac_aria_rose
2025-03-24 22:18:02,474 [INFO] XP System: +10 XP to lilac_aria_rose (Total: 10)
2025-03-24 22:18:03,670 [DEBUG] XP System: Processing message from lilac_aria_rose
2025-03-24 22:18:03,670 [INFO] XP System: +9 XP to lilac_aria_rose (Total: 19)
2025-03-24 22:18:05,648 [DEBUG] XP System: Processing message from lilac_aria_rose
2025-03-24 22:18:05,648 [INFO] XP System: +9 XP to lilac_aria_rose (Total: 28)
2025-03-24 22:18:06,330 [DEBUG] XP System: Processing message from lilac_aria_rose
2025-03-24 22:18:06,331 [INFO] XP System: +6 XP to lilac_aria_rose (Total: 34)
2025-03-24 22:18:06,973 [DEBUG] XP System: Processing message from lilac_aria_rose
2025-03-24 22:18:06,974 [INFO] XP System: +10 XP to lilac_aria_rose (Total: 44)
2025-03-24 22:18:16,979 [DEBUG] XP System: Processing message from lilac_aria_rose
2025-03-24 22:18:16,979 [INFO] XP System: +9 XP to lilac_aria_rose (Total: 53)
2025-03-24 22:18:19,466 [DEBUG] XP System: Processing message from lilac_aria_rose
2025-03-24 22:18:19,467 [INFO] XP System: +7 XP to lilac_aria_rose (Total: 60)
2025-03-24 22:18:21,525 [DEBUG] XP System: Processing message from lilac_aria_rose
2025-03-24 22:18:21,525 [INFO] XP System: +6 XP to lilac_aria_rose (Total: 66)
2025-03-24 22:18:23,557 [DEBUG] XP System: Processing message from lilac_aria_rose
2025-03-24 22:18:23,558 [INFO] XP System: +8 XP to lilac_aria_rose (Total: 74)
2025-03-24 22:19:28,700 [DEBUG] Saved data to json/sparkles.json
2025-03-24 22:19:28,701 [DEBUG] Saved data to json/xp.json
2025-03-24 22:19:28,701 [DEBUG] Saved data to json/coins.json
2025-03-24 22:19:29,519 [WARNING] PyNaCl is not installed, voice will NOT be supported
2025-03-24 22:19:29,521 [INFO] Initializing data storage...
2025-03-24 22:19:29,521 [INFO] Loaded 1 servers and 1 users
2025-03-24 22:19:29,521 [DEBUG] on_ready has successfully been registered as an event
2025-03-24 22:19:29,522 [DEBUG] Using selector: EpollSelector
2025-03-24 22:19:29,522 [INFO] logging in using static token
2025-03-24 22:19:30,571 [INFO] Shard ID None has connected to Gateway (Session ID: db0436ebdd9e00de8f16ba69f3322d8c).
2025-03-24 22:19:32,723 [INFO] Logged in as Nova#1119 (ID: 1346531772841590794)
2025-03-24 22:19:32,724 [INFO] Loading extensions from commands:
2025-03-24 22:19:32,729 [INFO] ✓ Loaded commands.xp
2025-03-24 22:19:32,730 [INFO] ✓ Loaded commands.xp_lb
2025-03-24 22:19:32,732 [INFO] ✓ Loaded commands.sparkle_leaderboard
2025-03-24 22:19:32,733 [INFO] ✓ Loaded commands.ping
2025-03-24 22:19:32,734 [INFO] ✓ Loaded commands.forcesparkle
2025-03-24 22:19:32,735 [INFO] ✓ Loaded commands.pronouns
2025-03-24 22:19:32,736 [INFO] ✓ Loaded commands.send_message
2025-03-24 22:19:32,737 [INFO] ✓ Loaded commands.coins_lb
2025-03-24 22:19:32,739 [INFO] ✓ Loaded commands.whoareyou
2025-03-24 22:19:32,739 [INFO] Loading extensions from events:
2025-03-24 22:19:32,740 [INFO] ✓ Loaded events.boom
2025-03-24 22:19:32,743 [INFO] XP Tracker initialized with cooldown protection
2025-03-24 22:19:32,743 [INFO] ✓ Loaded events.xp_tracker
2025-03-24 22:19:32,744 [INFO] ✓ Loaded events.name
2025-03-24 22:19:32,744 [INFO] ✓ Loaded events.sparkle
2025-03-24 22:19:32,744 [INFO] Loading extensions from tasks:
2025-03-24 22:19:32,958 [INFO] Sent startup message to test channel 1181193188246032554
2025-03-24 22:19:33,242 [INFO] Synced 8 commands
2025-03-24 22:20:25,164 [INFO] +9 XP to lilac_aria_rose (Total: 9)
2025-03-24 22:20:28,019 [DEBUG] Cooldown active for lilac_aria_rose
2025-03-24 22:20:29,617 [DEBUG] Cooldown active for lilac_aria_rose
2025-03-24 22:20:34,372 [DEBUG] Cooldown active for lilac_aria_rose
2025-03-24 22:20:34,912 [DEBUG] Cooldown active for lilac_aria_rose
2025-03-24 22:20:55,225 [INFO] +7 XP to skylasjustvibin (Total: 7)
2025-03-24 22:21:50,602 [INFO] +8 XP to astral.cafe (Total: 8)
2025-03-24 22:22:50,743 [INFO] +6 XP to lilac_aria_rose (Total: 80)
2025-03-24 22:22:52,081 [DEBUG] Cooldown active for lilac_aria_rose
2025-03-24 22:22:53,162 [DEBUG] Cooldown active for lilac_aria_rose
2025-03-24 22:22:58,281 [DEBUG] Cooldown active for lilac_aria_rose
2025-03-24 22:22:59,280 [DEBUG] Cooldown active for lilac_aria_rose
2025-03-24 22:23:04,415 [INFO] +10 XP to lilac_aria_rose (Total: 90)
2025-03-24 22:23:06,749 [DEBUG] Cooldown active for lilac_aria_rose
2025-03-24 22:23:07,588 [DEBUG] Cooldown active for lilac_aria_rose
2025-03-24 22:23:08,347 [DEBUG] Cooldown active for lilac_aria_rose
2025-03-24 22:23:10,926 [INFO] +8 XP to astral.cafe (Total: 16)
2025-03-24 22:23:41,266 [INFO] +9 XP to lilac_aria_rose (Total: 9)
2025-03-24 22:23:48,522 [DEBUG] Saved data to json/sparkles.json
2025-03-24 22:23:48,523 [DEBUG] Saved data to json/xp.json
2025-03-24 22:23:48,523 [DEBUG] Saved data to json/coins.json
2025-03-24 22:23:49,472 [WARNING] PyNaCl is not installed, voice will NOT be supported
2025-03-24 22:23:49,474 [INFO] Initializing data storage...
2025-03-24 22:23:49,475 [INFO] Loaded 3 servers and 3 users
2025-03-24 22:23:49,475 [DEBUG] on_ready has successfully been registered as an event
2025-03-24 22:23:49,475 [DEBUG] Using selector: EpollSelector
2025-03-24 22:23:49,476 [INFO] logging in using static token
2025-03-24 22:23:50,404 [INFO] Shard ID None has connected to Gateway (Session ID: b4c9959ea82034fd15e70fa5c3b1fe95).
2025-03-24 22:23:52,519 [INFO] Logged in as Nova#1119 (ID: 1346531772841590794)
2025-03-24 22:23:52,519 [INFO] Loading extensions from commands:
2025-03-24 22:23:52,522 [INFO] ✓ Loaded commands.xp
2025-03-24 22:23:52,524 [INFO] ✓ Loaded commands.xp_lb
2025-03-24 22:23:52,525 [INFO] ✓ Loaded commands.sparkle_leaderboard
2025-03-24 22:23:52,526 [INFO] ✓ Loaded commands.ping
2025-03-24 22:23:52,528 [INFO] ✓ Loaded commands.forcesparkle
2025-03-24 22:23:52,529 [INFO] ✓ Loaded commands.pronouns
2025-03-24 22:23:52,530 [INFO] ✓ Loaded commands.send_message
2025-03-24 22:23:52,532 [INFO] ✓ Loaded commands.coins_lb
2025-03-24 22:23:52,533 [INFO] ✓ Loaded commands.whoareyou
2025-03-24 22:23:52,534 [INFO] Loading extensions from events:
2025-03-24 22:23:52,534 [INFO] ✓ Loaded events.boom
2025-03-24 22:23:52,535 [INFO] XP Tracker initialized with cooldown protection
2025-03-24 22:23:52,536 [INFO] ✓ Loaded events.xp_tracker
2025-03-24 22:23:52,536 [INFO] ✓ Loaded events.name
2025-03-24 22:23:52,536 [INFO] ✓ Loaded events.sparkle
2025-03-24 22:23:52,536 [INFO] Loading extensions from tasks:
2025-03-24 22:23:53,051 [INFO] Synced 8 commands
2025-03-24 22:24:48,084 [INFO] +8 XP to dald2 (Total: 8)
2025-03-24 22:24:53,434 [INFO] +7 XP to lilac_aria_rose (Total: 16)
2025-03-24 22:24:56,579 [DEBUG] Cooldown active for lilac_aria_rose
2025-03-24 22:24:56,579 [ERROR] Ignoring exception in command None
discord.ext.commands.errors.CommandNotFound: Command "xp_lb" is not found
2025-03-24 22:24:59,288 [DEBUG] Cooldown active for lilac_aria_rose
2025-03-24 22:24:59,801 [DEBUG] Cooldown active for lilac_aria_rose
2025-03-24 22:25:01,770 [DEBUG] Cooldown active for lilac_aria_rose
2025-03-24 22:25:01,771 [ERROR] Ignoring exception in command None
discord.ext.commands.errors.CommandNotFound: Command "xp_leaderboard" is not found
2025-03-24 22:25:03,678 [INFO] +7 XP to lilac_aria_rose (Total: 23)
2025-03-24 22:25:05,945 [DEBUG] Cooldown active for lilac_aria_rose
2025-03-24 22:25:07,592 [DEBUG] Cooldown active for lilac_aria_rose
2025-03-24 22:25:44,496 [INFO] +7 XP to dald2 (Total: 15)
2025-03-24 22:28:10,647 [DEBUG] Saved data to json/sparkles.json
2025-03-24 22:28:10,649 [DEBUG] Saved data to json/xp.json
2025-03-24 22:28:10,650 [DEBUG] Saved data to json/coins.json
2025-03-24 22:28:11,555 [WARNING] PyNaCl is not installed, voice will NOT be supported
2025-03-24 22:28:11,558 [INFO] Initializing data storage...
2025-03-24 22:28:11,558 [INFO] Loaded 3 servers and 4 users
2025-03-24 22:28:11,559 [DEBUG] on_ready has successfully been registered as an event
2025-03-24 22:28:11,559 [DEBUG] Using selector: EpollSelector
2025-03-24 22:28:11,560 [INFO] logging in using static token
2025-03-24 22:28:12,568 [INFO] Shard ID None has connected to Gateway (Session ID: a5120763257c6141504bdec53b55fde4).
2025-03-24 22:28:14,685 [INFO] Logged in as Nova#1119 (ID: 1346531772841590794)
2025-03-24 22:28:14,685 [INFO] Loading extensions from commands:
2025-03-24 22:28:14,691 [INFO] ✓ Loaded commands.xp
2025-03-24 22:28:14,693 [INFO] ✓ Loaded commands.xp_lb
2025-03-24 22:28:14,694 [INFO] ✓ Loaded commands.sparkle_leaderboard
2025-03-24 22:28:14,696 [INFO] ✓ Loaded commands.ping
2025-03-24 22:28:14,697 [INFO] ✓ Loaded commands.forcesparkle
2025-03-24 22:28:14,699 [INFO] ✓ Loaded commands.pronouns
2025-03-24 22:28:14,703 [INFO] ✓ Loaded commands.system
2025-03-24 22:28:14,704 [INFO] ✓ Loaded commands.send_message
2025-03-24 22:28:14,706 [INFO] ✓ Loaded commands.coins_lb
2025-03-24 22:28:14,708 [INFO] ✓ Loaded commands.whoareyou
2025-03-24 22:28:14,708 [INFO] Loading extensions from events:
2025-03-24 22:28:14,709 [INFO] ✓ Loaded events.boom
2025-03-24 22:28:14,712 [INFO] XP Tracker initialized with cooldowns
2025-03-24 22:28:14,712 [INFO] ✓ Loaded events.xp_tracker
2025-03-24 22:28:14,712 [INFO] ✓ Loaded events.name
2025-03-24 22:28:14,713 [INFO] ✓ Loaded events.sparkle
2025-03-24 22:28:14,713 [INFO] Loading extensions from tasks:
2025-03-24 22:28:15,236 [INFO] Synced 10 commands
2025-03-24 22:28:33,292 [INFO] +5 XP to lilac_aria_rose in Catgirl System DMs :3
2025-03-24 22:28:33,293 [ERROR] Ignoring exception in command None
discord.ext.commands.errors.CommandNotFound: Command "system" is not found
2025-03-24 22:29:01,215 [INFO] +8 XP to lilac_aria_rose in Catgirl System DMs :3
2025-03-24 22:29:17,000 [INFO] +5 XP to lilac_aria_rose in Catgirl System DMs :3
2025-03-24 22:29:57,473 [INFO] +9 XP to lilac_aria_rose in The Library ^-^
2025-03-24 22:30:10,905 [INFO] +6 XP to lilac_aria_rose in ► angeldoll_digital_circuit_]
2025-03-24 22:30:14,072 [DEBUG] Cooldown active for lilac_aria_rose
2025-03-24 22:30:17,881 [DEBUG] Cooldown active for lilac_aria_rose
2025-03-24 22:30:33,864 [INFO] +6 XP to lilac_aria_rose in ► angeldoll_digital_circuit_]
2025-03-24 22:31:00,185 [INFO] +7 XP to astral.cafe in The Library ^-^
2025-03-24 22:31:13,021 [INFO] +5 XP to lilac_aria_rose in The Library ^-^
2025-03-24 22:31:13,211 [INFO] Level up! lilac_aria_rose → Lvl 1
2025-03-24 22:31:18,182 [DEBUG] Cooldown active for lilac_aria_rose
2025-03-24 22:31:23,635 [INFO] +9 XP to skylasjustvibin in The Library ^-^
2025-03-24 22:31:30,488 [DEBUG] Saved data to json/sparkles.json
2025-03-24 22:31:30,489 [DEBUG] Saved data to json/xp.json
2025-03-24 22:31:30,490 [DEBUG] Saved data to json/coins.json
2025-03-24 22:31:31,560 [WARNING] PyNaCl is not installed, voice will NOT be supported
2025-03-24 22:31:31,562 [INFO] Initializing data storage...
2025-03-24 22:31:31,563 [INFO] Loaded 3 servers and 4 users
2025-03-24 22:31:31,563 [DEBUG] on_ready has successfully been registered as an event
2025-03-24 22:31:31,564 [DEBUG] Using selector: EpollSelector
2025-03-24 22:31:31,565 [INFO] logging in using static token
2025-03-24 22:31:32,494 [INFO] Shard ID None has connected to Gateway (Session ID: b6c2644f347512d92737953332e859b6).
2025-03-24 22:31:34,616 [INFO] Logged in as Nova#1119 (ID: 1346531772841590794)
2025-03-24 22:31:34,617 [INFO] Loading extensions from commands:
2025-03-24 22:31:34,621 [INFO] ✓ Loaded commands.xp
2025-03-24 22:31:34,624 [INFO] ✓ Loaded commands.xp_lb
2025-03-24 22:31:34,625 [INFO] ✓ Loaded commands.sparkle_leaderboard
2025-03-24 22:31:34,627 [INFO] ✓ Loaded commands.ping
2025-03-24 22:31:34,629 [INFO] ✓ Loaded commands.forcesparkle
2025-03-24 22:31:34,631 [INFO] ✓ Loaded commands.pronouns
2025-03-24 22:31:34,633 [INFO] ✓ Loaded commands.system
2025-03-24 22:31:34,635 [INFO] ✓ Loaded commands.send_message
2025-03-24 22:31:34,637 [INFO] ✓ Loaded commands.coins_lb
2025-03-24 22:31:34,639 [INFO] ✓ Loaded commands.whoareyou
2025-03-24 22:31:34,639 [INFO] Loading extensions from events:
2025-03-24 22:31:34,640 [INFO] ✓ Loaded events.boom
2025-03-24 22:31:34,644 [INFO] XP Tracker initialized with cooldowns
2025-03-24 22:31:34,645 [INFO] ✓ Loaded events.xp_tracker
2025-03-24 22:31:34,645 [INFO] ✓ Loaded events.name
2025-03-24 22:31:34,646 [INFO] ✓ Loaded events.sparkle
2025-03-24 22:31:34,646 [INFO] Loading extensions from tasks:
2025-03-24 22:31:35,086 [INFO] Synced 10 commands
2025-03-24 22:31:39,412 [INFO] +5 XP to skylasjustvibin in The Library ^-^
2025-03-24 22:31:47,886 [INFO] +10 XP to lilac_aria_rose in The Library ^-^
2025-03-24 22:31:52,911 [DEBUG] Cooldown active for lilac_aria_rose
2025-03-24 22:31:56,377 [INFO] +6 XP to skylasjustvibin in The Library ^-^
2025-03-24 22:31:59,880 [DEBUG] Cooldown active for skylasjustvibin
2025-03-24 22:32:02,527 [INFO] +7 XP to lilac_aria_rose in The Library ^-^
2025-03-24 22:32:03,919 [DEBUG] Cooldown active for lilac_aria_rose
2025-03-24 22:32:06,860 [INFO] +10 XP to skylasjustvibin in The Library ^-^
2025-03-24 22:32:08,854 [DEBUG] Cooldown active for lilac_aria_rose
2025-03-24 22:32:09,920 [DEBUG] Cooldown active for skylasjustvibin
2025-03-24 22:32:11,911 [DEBUG] Cooldown active for skylasjustvibin
2025-03-24 22:32:12,518 [DEBUG] Cooldown active for lilac_aria_rose
2025-03-24 22:32:16,943 [INFO] +6 XP to shadowdoublade33 in The Library ^-^
2025-03-24 22:32:17,326 [INFO] +9 XP to lilac_aria_rose in The Library ^-^
2025-03-24 22:32:18,530 [DEBUG] Cooldown active for lilac_aria_rose
2025-03-24 22:32:25,256 [INFO] +8 XP to skylasjustvibin in The Library ^-^
2025-03-24 22:32:27,756 [INFO] +5 XP to lilac_aria_rose in The Library ^-^
2025-03-24 22:32:33,146 [DEBUG] Cooldown active for skylasjustvibin
2025-03-24 22:32:38,417 [INFO] +10 XP to skylasjustvibin in The Library ^-^
2025-03-24 22:32:49,192 [INFO] +7 XP to lilac_aria_rose in The Library ^-^
2025-03-24 22:32:51,394 [DEBUG] Cooldown active for lilac_aria_rose
2025-03-24 22:32:51,804 [INFO] +8 XP to shadowdoublade33 in The Library ^-^
2025-03-24 22:32:58,666 [DEBUG] Cooldown active for lilac_aria_rose
2025-03-24 22:33:00,769 [INFO] +8 XP to lilac_aria_rose in The Library ^-^
2025-03-24 22:33:02,107 [INFO] +10 XP to astral.cafe in The Library ^-^
2025-03-24 22:33:03,409 [INFO] +6 XP to skylasjustvibin in The Library ^-^
2025-03-24 22:33:11,993 [DEBUG] Cooldown active for skylasjustvibin
2025-03-24 22:33:13,281 [DEBUG] Cooldown active for skylasjustvibin
2025-03-24 22:33:14,066 [INFO] +7 XP to astral.cafe in The Library ^-^
2025-03-24 22:33:19,607 [INFO] +7 XP to lilac_aria_rose in The Library ^-^
2025-03-24 22:33:26,772 [INFO] +8 XP to skylasjustvibin in The Library ^-^
2025-03-24 22:33:28,816 [DEBUG] Cooldown active for skylasjustvibin
2025-03-24 22:33:33,927 [DEBUG] Cooldown active for skylasjustvibin
2025-03-24 22:33:36,044 [INFO] +8 XP to lilac_aria_rose in The Library ^-^
2025-03-24 22:33:36,244 [DEBUG] Cooldown active for skylasjustvibin
2025-03-24 22:33:47,896 [INFO] +8 XP to skylasjustvibin in The Library ^-^
2025-03-24 22:34:00,685 [INFO] +5 XP to astral.cafe in The Library ^-^
2025-03-24 22:34:03,528 [DEBUG] Cooldown active for astral.cafe
2025-03-24 22:34:05,293 [INFO] +10 XP to skylasjustvibin in The Library ^-^
2025-03-24 22:34:09,023 [INFO] +5 XP to lilac_aria_rose in The Library ^-^
2025-03-24 22:34:13,120 [DEBUG] Cooldown active for skylasjustvibin
2025-03-24 22:34:13,198 [INFO] +8 XP to astral.cafe in The Library ^-^
2025-03-24 22:34:15,750 [INFO] +5 XP to skylasjustvibin in The Library ^-^
2025-03-24 22:34:18,521 [DEBUG] Cooldown active for lilac_aria_rose
2025-03-24 22:34:24,752 [DEBUG] Cooldown active for skylasjustvibin
2025-03-24 22:34:28,382 [INFO] +9 XP to astral.cafe in The Library ^-^
2025-03-24 22:34:28,391 [INFO] +8 XP to skylasjustvibin in The Library ^-^
2025-03-24 22:34:28,645 [INFO] Level up! skylasjustvibin → Lvl 1
2025-03-24 22:34:33,602 [DEBUG] Cooldown active for astral.cafe
2025-03-24 22:34:39,316 [INFO] +9 XP to astral.cafe in The Library ^-^
2025-03-24 22:34:41,068 [INFO] +6 XP to skylasjustvibin in The Library ^-^
2025-03-24 22:34:59,300 [INFO] +10 XP to astral.cafe in The Library ^-^
2025-03-24 22:35:10,576 [INFO] +7 XP to skylasjustvibin in The Library ^-^
2025-03-24 22:35:17,662 [DEBUG] Cooldown active for skylasjustvibin
2025-03-24 22:35:21,557 [INFO] +9 XP to lilac_aria_rose in The Library ^-^
2025-03-24 22:35:26,040 [INFO] +5 XP to skylasjustvibin in The Library ^-^
2025-03-24 22:35:28,366 [DEBUG] Cooldown active for skylasjustvibin
2025-03-24 22:35:32,165 [INFO] +9 XP to astral.cafe in The Library ^-^
2025-03-24 22:35:42,586 [INFO] +5 XP to skylasjustvibin in The Library ^-^
2025-03-24 22:35:45,217 [INFO] +10 XP to lilac_aria_rose in The Library ^-^
2025-03-24 22:35:46,296 [DEBUG] Cooldown active for lilac_aria_rose
2025-03-24 22:35:51,577 [DEBUG] Cooldown active for skylasjustvibin
2025-03-24 22:35:54,001 [INFO] +10 XP to skylasjustvibin in The Library ^-^
2025-03-24 22:39:12,388 [INFO] +8 XP to astral.cafe in The Library ^-^
2025-03-24 22:39:19,308 [INFO] +7 XP to lilac_aria_rose in The Library ^-^
2025-03-24 22:39:20,684 [DEBUG] Cooldown active for astral.cafe
2025-03-24 22:40:05,370 [INFO] +6 XP to astral.cafe in The Library ^-^
2025-03-24 22:40:05,614 [INFO] Level up! astral.cafe → Lvl 1
2025-03-24 22:40:16,989 [INFO] +10 XP to astral.cafe in The Library ^-^
2025-03-24 22:40:42,531 [INFO] +10 XP to astral.cafe in The Library ^-^
2025-03-24 22:40:45,198 [DEBUG] Cooldown active for astral.cafe
2025-03-24 22:40:59,910 [INFO] +8 XP to lilac_aria_rose in The Library ^-^
2025-03-24 22:41:14,380 [INFO] +9 XP to lilac_aria_rose in The Library ^-^
2025-03-24 22:41:19,010 [DEBUG] Cooldown active for lilac_aria_rose
2025-03-24 22:42:23,790 [INFO] +10 XP to astral.cafe in The Library ^-^
2025-03-24 22:42:59,052 [INFO] +10 XP to lilac_aria_rose in The Library ^-^
2025-03-24 22:42:59,261 [INFO] Level up! lilac_aria_rose → Lvl 2
2025-03-24 22:43:13,234 [INFO] +10 XP to astral.cafe in The Library ^-^
2025-03-24 22:43:21,897 [INFO] +6 XP to lilac_aria_rose in The Library ^-^
2025-03-24 22:43:25,737 [DEBUG] Cooldown active for lilac_aria_rose
2025-03-24 22:43:33,561 [INFO] +6 XP to aliceunderstars in ► angeldoll_digital_circuit_]
2025-03-24 22:43:39,425 [DEBUG] Cooldown active for aliceunderstars
2025-03-24 22:43:48,207 [INFO] +5 XP to aliceunderstars in ► angeldoll_digital_circuit_]
2025-03-24 22:43:56,655 [INFO] +7 XP to astral.cafe in The Library ^-^
2025-03-24 22:44:01,186 [INFO] +9 XP to aliceunderstars in ► angeldoll_digital_circuit_]
2025-03-24 22:44:06,953 [INFO] +9 XP to astral.cafe in The Library ^-^
2025-03-24 22:44:07,704 [DEBUG] Cooldown active for astral.cafe
2025-03-24 22:44:07,939 [INFO] +10 XP to lilac_aria_rose in The Library ^-^
2025-03-24 22:44:13,820 [DEBUG] Cooldown active for astral.cafe
2025-03-24 22:44:25,733 [INFO] +9 XP to sakikurokoma in ► angeldoll_digital_circuit_]
2025-03-24 22:44:25,982 [INFO] +5 XP to astral.cafe in The Library ^-^
2025-03-24 22:44:40,486 [INFO] +5 XP to chaos_catt in ► angeldoll_digital_circuit_]
2025-03-24 22:44:43,350 [INFO] +5 XP to lilac_aria_rose in ► angeldoll_digital_circuit_]
2025-03-24 22:44:52,976 [DEBUG] Cooldown active for lilac_aria_rose
2025-03-24 22:44:55,103 [INFO] +8 XP to lilac_aria_rose in The Library ^-^
2025-03-24 22:44:55,593 [INFO] +7 XP to sakikurokoma in ► angeldoll_digital_circuit_]
2025-03-24 22:45:18,579 [INFO] +6 XP to aliceunderstars in ► angeldoll_digital_circuit_]
2025-03-24 22:45:25,031 [DEBUG] Cooldown active for aliceunderstars
2025-03-24 22:45:40,340 [INFO] +9 XP to lilac_aria_rose in The Library ^-^
2025-03-24 22:45:48,838 [DEBUG] Cooldown active for lilac_aria_rose
2025-03-24 22:45:49,308 [DEBUG] Cooldown active for lilac_aria_rose
2025-03-24 22:45:52,201 [INFO] +10 XP to lilac_aria_rose in ► angeldoll_digital_circuit_]
2025-03-24 22:45:53,660 [INFO] +8 XP to astral.cafe in The Library ^-^
2025-03-24 22:45:56,901 [DEBUG] Cooldown active for astral.cafe
2025-03-24 22:46:01,405 [INFO] +5 XP to aliceunderstars in ► angeldoll_digital_circuit_]
2025-03-24 22:46:04,810 [DEBUG] Cooldown active for aliceunderstars
2025-03-24 22:46:04,811 [INFO] +9 XP to astral.cafe in The Library ^-^
2025-03-24 22:46:09,931 [INFO] +10 XP to lilac_aria_rose in ► angeldoll_digital_circuit_]
2025-03-24 22:46:10,715 [DEBUG] Cooldown active for lilac_aria_rose
2025-03-24 22:46:20,979 [INFO] +8 XP to astral.cafe in The Library ^-^
2025-03-24 22:46:24,329 [INFO] +7 XP to aliceunderstars in ► angeldoll_digital_circuit_]
2025-03-24 22:46:26,904 [DEBUG] Saved data to json/sparkles.json
2025-03-24 22:46:26,905 [DEBUG] Saved data to json/xp.json
2025-03-24 22:46:26,906 [DEBUG] Saved data to json/coins.json
2025-03-24 22:46:27,824 [WARNING] PyNaCl is not installed, voice will NOT be supported
2025-03-24 22:46:27,826 [DEBUG] on_ready has successfully been registered as an event
2025-03-24 22:46:27,826 [DEBUG] Using selector: EpollSelector
2025-03-24 22:46:27,827 [INFO] logging in using static token
2025-03-24 22:46:28,387 [INFO] Migrating sparkles data from JSON to SQLite
2025-03-24 22:46:28,397 [INFO] Migrating XP and coins data from JSON to SQLite
2025-03-24 22:46:28,416 [INFO] Database initialization complete
2025-03-24 22:46:28,421 [INFO] Loading extensions...
2025-03-24 22:46:28,427 [INFO] ✓ Loaded commands.xp
2025-03-24 22:46:28,429 [INFO] ✓ Loaded commands.xp_lb
2025-03-24 22:46:28,430 [INFO] ✓ Loaded commands.sparkle_leaderboard
2025-03-24 22:46:28,432 [INFO] ✓ Loaded commands.ping
2025-03-24 22:46:28,437 [INFO] ✓ Loaded commands.forcesparkle
2025-03-24 22:46:28,438 [INFO] ✓ Loaded commands.pronouns
2025-03-24 22:46:28,441 [INFO] ✓ Loaded commands.system
2025-03-24 22:46:28,442 [INFO] ✓ Loaded commands.send_message
2025-03-24 22:46:28,443 [INFO] ✓ Loaded commands.coins_lb
2025-03-24 22:46:28,445 [INFO] ✓ Loaded commands.whoareyou
2025-03-24 22:46:28,446 [INFO] ✓ Loaded events.boom
2025-03-24 22:46:28,450 [INFO] ✓ Loaded events.xp_tracker
2025-03-24 22:46:28,450 [INFO] ✓ Loaded events.name
2025-03-24 22:46:28,453 [INFO] ✓ Loaded events.sparkle
2025-03-24 22:46:28,832 [INFO] Shard ID None has connected to Gateway (Session ID: e09565feb2a0f34c1899449db566fc15).
2025-03-24 22:46:30,951 [INFO] Logged in as Nova#1119 (ID: 1346531772841590794)
2025-03-24 22:46:30,951 [INFO] Connected to 5 guilds
2025-03-24 22:46:31,462 [INFO] Synced 10 commands
2025-03-24 22:46:51,607 [ERROR] Ignoring exception in command xpleaderboard
Traceback (most recent call last):
  File "/home/lilac/nova/venv/lib/python3.12/site-packages/discord/ext/commands/core.py", line 235, in wrapped
    ret = await coro(*args, **kwargs)
          ^^^^^^^^^^^^^^^^^^^^^^^^^^^
  File "/home/lilac/nova/commands/xp_lb.py", line 15, in xp_leaderboard
    server_xp = self.bot.xp_data.get(server_id, {})
                ^^^^^^^^^^^^^^^^
AttributeError: 'MyBot' object has no attribute 'xp_data'

The above exception was the direct cause of the following exception:

Traceback (most recent call last):
  File "/home/lilac/nova/venv/lib/python3.12/site-packages/discord/ext/commands/bot.py", line 1366, in invoke
    await ctx.command.invoke(ctx)
  File "/home/lilac/nova/venv/lib/python3.12/site-packages/discord/ext/commands/core.py", line 1029, in invoke
    await injected(*ctx.args, **ctx.kwargs)  # type: ignore
    ^^^^^^^^^^^^^^^^^^^^^^^^^^^^^^^^^^^^^^^
  File "/home/lilac/nova/venv/lib/python3.12/site-packages/discord/ext/commands/core.py", line 244, in wrapped
    raise CommandInvokeError(exc) from exc
discord.ext.commands.errors.CommandInvokeError: Command raised an exception: AttributeError: 'MyBot' object has no attribute 'xp_data'
2025-03-24 22:48:40,567 [INFO] Shutting down database connections
2025-03-24 22:48:41,748 [WARNING] PyNaCl is not installed, voice will NOT be supported
2025-03-24 22:48:41,749 [DEBUG] on_ready has successfully been registered as an event
2025-03-24 22:48:41,750 [DEBUG] Using selector: EpollSelector
2025-03-24 22:48:41,751 [INFO] logging in using static token
2025-03-24 22:48:42,320 [INFO] Migrating sparkles data from JSON to SQLite
2025-03-24 22:48:42,322 [INFO] Migrating XP and coins data from JSON to SQLite
2025-03-24 22:48:42,336 [INFO] Database initialization complete
2025-03-24 22:48:42,339 [INFO] Loading extensions...
2025-03-24 22:48:42,344 [INFO] ✓ Loaded commands.xp
2025-03-24 22:48:42,350 [INFO] ✓ Loaded commands.xp_lb
2025-03-24 22:48:42,352 [INFO] ✓ Loaded commands.sparkle_leaderboard
2025-03-24 22:48:42,354 [INFO] ✓ Loaded commands.ping
2025-03-24 22:48:42,356 [INFO] ✓ Loaded commands.forcesparkle
2025-03-24 22:48:42,358 [INFO] ✓ Loaded commands.pronouns
2025-03-24 22:48:42,361 [INFO] ✓ Loaded commands.system
2025-03-24 22:48:42,362 [INFO] ✓ Loaded commands.send_message
2025-03-24 22:48:42,364 [INFO] ✓ Loaded commands.coins_lb
2025-03-24 22:48:42,365 [INFO] ✓ Loaded commands.whoareyou
2025-03-24 22:48:42,366 [INFO] ✓ Loaded events.boom
2025-03-24 22:48:42,367 [INFO] ✓ Loaded events.xp_tracker
2025-03-24 22:48:42,368 [INFO] ✓ Loaded events.name
2025-03-24 22:48:42,369 [INFO] ✓ Loaded events.sparkle
2025-03-24 22:48:42,777 [INFO] Shard ID None has connected to Gateway (Session ID: 8c1225d743df783d8cce94da8f1c8842).
2025-03-24 22:48:43,308 [ERROR] Ignoring exception in command xpleaderboard
Traceback (most recent call last):
  File "/home/lilac/nova/venv/lib/python3.12/site-packages/discord/ext/commands/core.py", line 235, in wrapped
    ret = await coro(*args, **kwargs)
          ^^^^^^^^^^^^^^^^^^^^^^^^^^^
  File "/home/lilac/nova/commands/xp_lb.py", line 16, in xp_leaderboard
    async with self.bot.db.cursor() as cursor:
               ^^^^^^^^^^^
AttributeError: 'MyBot' object has no attribute 'db'

The above exception was the direct cause of the following exception:

Traceback (most recent call last):
  File "/home/lilac/nova/venv/lib/python3.12/site-packages/discord/ext/commands/bot.py", line 1366, in invoke
    await ctx.command.invoke(ctx)
  File "/home/lilac/nova/venv/lib/python3.12/site-packages/discord/ext/commands/core.py", line 1029, in invoke
    await injected(*ctx.args, **ctx.kwargs)  # type: ignore
    ^^^^^^^^^^^^^^^^^^^^^^^^^^^^^^^^^^^^^^^
  File "/home/lilac/nova/venv/lib/python3.12/site-packages/discord/ext/commands/core.py", line 244, in wrapped
    raise CommandInvokeError(exc) from exc
discord.ext.commands.errors.CommandInvokeError: Command raised an exception: AttributeError: 'MyBot' object has no attribute 'db'
2025-03-24 22:48:44,891 [INFO] Logged in as Nova#1119 (ID: 1346531772841590794)
2025-03-24 22:48:44,891 [INFO] Connected to 5 guilds
2025-03-24 22:48:45,406 [INFO] Synced 10 commands
2025-03-24 22:48:53,899 [ERROR] Ignoring exception in command xpleaderboard
Traceback (most recent call last):
  File "/home/lilac/nova/venv/lib/python3.12/site-packages/discord/ext/commands/core.py", line 235, in wrapped
    ret = await coro(*args, **kwargs)
          ^^^^^^^^^^^^^^^^^^^^^^^^^^^
  File "/home/lilac/nova/commands/xp_lb.py", line 16, in xp_leaderboard
    async with self.bot.db.cursor() as cursor:
               ^^^^^^^^^^^
AttributeError: 'MyBot' object has no attribute 'db'

The above exception was the direct cause of the following exception:

Traceback (most recent call last):
  File "/home/lilac/nova/venv/lib/python3.12/site-packages/discord/ext/commands/bot.py", line 1366, in invoke
    await ctx.command.invoke(ctx)
  File "/home/lilac/nova/venv/lib/python3.12/site-packages/discord/ext/commands/core.py", line 1029, in invoke
    await injected(*ctx.args, **ctx.kwargs)  # type: ignore
    ^^^^^^^^^^^^^^^^^^^^^^^^^^^^^^^^^^^^^^^
  File "/home/lilac/nova/venv/lib/python3.12/site-packages/discord/ext/commands/core.py", line 244, in wrapped
    raise CommandInvokeError(exc) from exc
discord.ext.commands.errors.CommandInvokeError: Command raised an exception: AttributeError: 'MyBot' object has no attribute 'db'
2025-03-24 22:51:15,523 [INFO] Shutting down database connections
2025-03-24 22:51:16,444 [WARNING] PyNaCl is not installed, voice will NOT be supported
2025-03-24 22:51:16,446 [DEBUG] on_ready has successfully been registered as an event
2025-03-24 22:51:16,448 [DEBUG] Using selector: EpollSelector
2025-03-24 22:51:16,448 [INFO] logging in using static token
2025-03-24 22:51:17,010 [INFO] Migrating sparkles data from JSON to SQLite
2025-03-24 22:51:17,014 [INFO] Migrating XP and coins data from JSON to SQLite
2025-03-24 22:51:17,056 [INFO] Database initialization complete
2025-03-24 22:51:17,059 [INFO] Loading extensions...
2025-03-24 22:51:17,061 [ERROR] ✗ Failed to load commands.xp: ExtensionFailed: Extension 'commands.xp' raised an error: ImportError: cannot import name 'xp_needed_for_level' from 'utils.xp_utils' (/home/lilac/nova/utils/xp_utils.py)
2025-03-24 22:51:17,067 [INFO] ✓ Loaded commands.xp_lb
2025-03-24 22:51:17,084 [INFO] ✓ Loaded commands.sparkle_leaderboard
2025-03-24 22:51:17,087 [INFO] ✓ Loaded commands.ping
2025-03-24 22:51:17,092 [INFO] ✓ Loaded commands.forcesparkle
2025-03-24 22:51:17,097 [INFO] ✓ Loaded commands.pronouns
2025-03-24 22:51:17,101 [INFO] ✓ Loaded commands.system
2025-03-24 22:51:17,103 [INFO] ✓ Loaded commands.send_message
2025-03-24 22:51:17,105 [INFO] ✓ Loaded commands.coins_lb
2025-03-24 22:51:17,110 [INFO] ✓ Loaded commands.whoareyou
2025-03-24 22:51:17,112 [INFO] ✓ Loaded events.boom
2025-03-24 22:51:17,116 [ERROR] ✗ Failed to load events.xp_tracker: ExtensionFailed: Extension 'events.xp_tracker' raised an error: ImportError: cannot import name 'LEVEL_UP_BONUS' from 'utils.xp_utils' (/home/lilac/nova/utils/xp_utils.py)
2025-03-24 22:51:17,120 [INFO] ✓ Loaded events.name
2025-03-24 22:51:17,123 [INFO] ✓ Loaded events.sparkle
2025-03-24 22:51:17,491 [INFO] Shard ID None has connected to Gateway (Session ID: be3b254a531446cb74bd44634192c072).
2025-03-24 22:51:19,609 [INFO] Logged in as Nova#1119 (ID: 1346531772841590794)
2025-03-24 22:51:19,609 [INFO] Connected to 5 guilds
2025-03-24 22:51:20,067 [INFO] Synced 9 commands
2025-03-24 22:51:26,982 [ERROR] Ignoring exception in command coinsleaderboard
Traceback (most recent call last):
  File "/home/lilac/nova/venv/lib/python3.12/site-packages/discord/ext/commands/core.py", line 235, in wrapped
    ret = await coro(*args, **kwargs)
          ^^^^^^^^^^^^^^^^^^^^^^^^^^^
  File "/home/lilac/nova/commands/coins_lb.py", line 14, in coins_leaderboard
    if not self.bot.coins_data:
           ^^^^^^^^^^^^^^^^^^^
AttributeError: 'MyBot' object has no attribute 'coins_data'

The above exception was the direct cause of the following exception:

Traceback (most recent call last):
  File "/home/lilac/nova/venv/lib/python3.12/site-packages/discord/ext/commands/bot.py", line 1366, in invoke
    await ctx.command.invoke(ctx)
  File "/home/lilac/nova/venv/lib/python3.12/site-packages/discord/ext/commands/core.py", line 1029, in invoke
    await injected(*ctx.args, **ctx.kwargs)  # type: ignore
    ^^^^^^^^^^^^^^^^^^^^^^^^^^^^^^^^^^^^^^^
  File "/home/lilac/nova/venv/lib/python3.12/site-packages/discord/ext/commands/core.py", line 244, in wrapped
    raise CommandInvokeError(exc) from exc
discord.ext.commands.errors.CommandInvokeError: Command raised an exception: AttributeError: 'MyBot' object has no attribute 'coins_data'
2025-03-24 22:52:23,655 [INFO] Shutting down database connections
2025-03-24 22:52:24,549 [WARNING] PyNaCl is not installed, voice will NOT be supported
2025-03-24 22:52:24,551 [DEBUG] on_ready has successfully been registered as an event
2025-03-24 22:52:24,552 [DEBUG] Using selector: EpollSelector
2025-03-24 22:52:24,552 [INFO] logging in using static token
2025-03-24 22:52:25,139 [INFO] Migrating sparkles data from JSON to SQLite
2025-03-24 22:52:25,141 [INFO] Migrating XP and coins data from JSON to SQLite
2025-03-24 22:52:25,143 [INFO] Database initialization complete
2025-03-24 22:52:25,144 [INFO] Loading extensions...
2025-03-24 22:52:25,145 [ERROR] ✗ Failed to load commands.xp: ExtensionFailed: Extension 'commands.xp' raised an error: ImportError: cannot import name 'xp_needed_for_level' from 'utils.xp_utils' (/home/lilac/nova/utils/xp_utils.py)
2025-03-24 22:52:25,146 [INFO] ✓ Loaded commands.xp_lb
2025-03-24 22:52:25,147 [INFO] ✓ Loaded commands.sparkle_leaderboard
2025-03-24 22:52:25,149 [INFO] ✓ Loaded commands.ping
2025-03-24 22:52:25,150 [INFO] ✓ Loaded commands.forcesparkle
2025-03-24 22:52:25,152 [INFO] ✓ Loaded commands.pronouns
2025-03-24 22:52:25,154 [INFO] ✓ Loaded commands.system
2025-03-24 22:52:25,155 [INFO] ✓ Loaded commands.send_message
2025-03-24 22:52:25,158 [INFO] ✓ Loaded commands.coins_lb
2025-03-24 22:52:25,159 [INFO] ✓ Loaded commands.whoareyou
2025-03-24 22:52:25,160 [INFO] ✓ Loaded events.boom
2025-03-24 22:52:25,161 [ERROR] ✗ Failed to load events.xp_tracker: ExtensionFailed: Extension 'events.xp_tracker' raised an error: ImportError: cannot import name 'LEVEL_UP_BONUS' from 'utils.xp_utils' (/home/lilac/nova/utils/xp_utils.py)
2025-03-24 22:52:25,161 [INFO] ✓ Loaded events.name
2025-03-24 22:52:25,162 [INFO] ✓ Loaded events.sparkle
2025-03-24 22:52:25,580 [INFO] Shard ID None has connected to Gateway (Session ID: a3462b3f57f4b960547d6bc03eb3c0a7).
2025-03-24 22:52:27,692 [INFO] Logged in as Nova#1119 (ID: 1346531772841590794)
2025-03-24 22:52:27,692 [INFO] Connected to 5 guilds
2025-03-24 22:52:28,554 [INFO] Synced 9 commands
2025-03-24 22:55:35,168 [INFO] Shutting down database connections
2025-03-24 22:55:36,064 [WARNING] PyNaCl is not installed, voice will NOT be supported
2025-03-24 22:55:36,065 [DEBUG] on_ready has successfully been registered as an event
2025-03-24 22:55:36,066 [DEBUG] Using selector: EpollSelector
2025-03-24 22:55:36,066 [INFO] logging in using static token
2025-03-24 22:55:36,589 [INFO] Migrating sparkles data from JSON to SQLite
2025-03-24 22:55:36,591 [INFO] Migrating XP and coins data from JSON to SQLite
2025-03-24 22:55:36,594 [INFO] Database initialization complete
2025-03-24 22:55:36,595 [INFO] Loading extensions...
2025-03-24 22:55:36,597 [ERROR] ✗ Failed to load commands.xp: ExtensionFailed: Extension 'commands.xp' raised an error: ImportError: cannot import name 'xp_needed_for_level' from 'utils.xp_utils' (/home/lilac/nova/utils/xp_utils.py)
2025-03-24 22:55:36,603 [INFO] ✓ Loaded commands.xp_lb
2025-03-24 22:55:36,605 [INFO] ✓ Loaded commands.sparkle_leaderboard
2025-03-24 22:55:36,607 [INFO] ✓ Loaded commands.ping
2025-03-24 22:55:36,608 [INFO] ✓ Loaded commands.forcesparkle
2025-03-24 22:55:36,610 [INFO] ✓ Loaded commands.pronouns
2025-03-24 22:55:36,612 [INFO] ✓ Loaded commands.system
2025-03-24 22:55:36,613 [INFO] ✓ Loaded commands.send_message
2025-03-24 22:55:36,617 [INFO] ✓ Loaded commands.coins_lb
2025-03-24 22:55:36,618 [INFO] ✓ Loaded commands.whoareyou
2025-03-24 22:55:36,619 [INFO] ✓ Loaded events.boom
2025-03-24 22:55:36,622 [ERROR] ✗ Failed to load events.xp_tracker: ExtensionFailed: Extension 'events.xp_tracker' raised an error: ImportError: cannot import name 'LEVEL_UP_BONUS' from 'utils.xp_utils' (/home/lilac/nova/utils/xp_utils.py)
2025-03-24 22:55:36,622 [INFO] ✓ Loaded events.name
2025-03-24 22:55:36,623 [INFO] ✓ Loaded events.sparkle
2025-03-24 22:55:36,964 [INFO] Shard ID None has connected to Gateway (Session ID: b7cafaeb03498924caaeb0e58a7704f7).
2025-03-24 22:55:39,084 [INFO] Logged in as Nova#1119 (ID: 1346531772841590794)
2025-03-24 22:55:39,084 [INFO] Connected to 5 guilds
2025-03-24 22:55:39,564 [INFO] Synced 9 commands
2025-03-24 22:56:38,516 [INFO] Shutting down database connections
2025-03-24 22:56:39,498 [WARNING] PyNaCl is not installed, voice will NOT be supported
2025-03-24 22:56:39,499 [DEBUG] on_ready has successfully been registered as an event
2025-03-24 22:56:39,500 [DEBUG] Using selector: EpollSelector
2025-03-24 22:56:39,501 [INFO] logging in using static token
2025-03-24 22:56:40,436 [INFO] Migrating from old user_data to new structure...
2025-03-24 22:56:40,443 [INFO] Migration complete - old user_data table dropped
2025-03-24 22:56:40,443 [INFO] Database initialization complete
2025-03-24 22:56:40,445 [INFO] Loading extensions...
2025-03-24 22:56:40,446 [ERROR] ✗ Failed to load commands.xp: ExtensionFailed: Extension 'commands.xp' raised an error: ImportError: cannot import name 'xp_needed_for_level' from 'utils.xp_utils' (/home/lilac/nova/utils/xp_utils.py)
2025-03-24 22:56:40,449 [INFO] ✓ Loaded commands.xp_lb
2025-03-24 22:56:40,450 [INFO] ✓ Loaded commands.sparkle_leaderboard
2025-03-24 22:56:40,452 [INFO] ✓ Loaded commands.ping
2025-03-24 22:56:40,454 [INFO] ✓ Loaded commands.forcesparkle
2025-03-24 22:56:40,456 [INFO] ✓ Loaded commands.pronouns
2025-03-24 22:56:40,458 [INFO] ✓ Loaded commands.system
2025-03-24 22:56:40,460 [INFO] ✓ Loaded commands.send_message
2025-03-24 22:56:40,461 [INFO] ✓ Loaded commands.coins_lb
2025-03-24 22:56:40,463 [INFO] ✓ Loaded commands.whoareyou
2025-03-24 22:56:40,464 [INFO] ✓ Loaded events.boom
2025-03-24 22:56:40,465 [ERROR] ✗ Failed to load events.xp_tracker: ExtensionFailed: Extension 'events.xp_tracker' raised an error: ImportError: cannot import name 'LEVEL_UP_BONUS' from 'utils.xp_utils' (/home/lilac/nova/utils/xp_utils.py)
2025-03-24 22:56:40,465 [INFO] ✓ Loaded events.name
2025-03-24 22:56:40,466 [INFO] ✓ Loaded events.sparkle
2025-03-24 22:56:40,794 [INFO] Shard ID None has connected to Gateway (Session ID: fe9fbd541696a1b19cfebace2f059842).
2025-03-24 22:56:42,912 [INFO] Logged in as Nova#1119 (ID: 1346531772841590794)
2025-03-24 22:56:42,912 [INFO] Connected to 5 guilds
2025-03-24 22:56:43,406 [INFO] Synced 9 commands
2025-03-24 23:00:42,360 [INFO] Shutting down database connections
2025-03-24 23:00:43,375 [WARNING] PyNaCl is not installed, voice will NOT be supported
2025-03-24 23:00:43,376 [DEBUG] on_ready has successfully been registered as an event
2025-03-24 23:00:43,377 [DEBUG] Using selector: EpollSelector
2025-03-24 23:00:43,378 [INFO] logging in using static token
2025-03-24 23:00:44,021 [INFO] Database initialization complete
2025-03-24 23:00:44,031 [INFO] Shutting down database connections
2025-03-24 23:00:44,879 [WARNING] PyNaCl is not installed, voice will NOT be supported
2025-03-24 23:00:44,881 [DEBUG] on_ready has successfully been registered as an event
2025-03-24 23:00:44,881 [DEBUG] Using selector: EpollSelector
2025-03-24 23:00:44,882 [INFO] logging in using static token
2025-03-24 23:00:45,619 [INFO] Database initialization complete
2025-03-24 23:00:45,621 [INFO] Shutting down database connections
2025-03-24 23:00:46,492 [WARNING] PyNaCl is not installed, voice will NOT be supported
2025-03-24 23:00:46,493 [DEBUG] on_ready has successfully been registered as an event
2025-03-24 23:00:46,494 [DEBUG] Using selector: EpollSelector
2025-03-24 23:00:46,495 [INFO] logging in using static token
2025-03-24 23:00:47,117 [INFO] Database initialization complete
2025-03-24 23:00:47,124 [INFO] Shutting down database connections
2025-03-24 23:00:47,980 [WARNING] PyNaCl is not installed, voice will NOT be supported
2025-03-24 23:00:47,986 [DEBUG] on_ready has successfully been registered as an event
2025-03-24 23:00:47,987 [DEBUG] Using selector: EpollSelector
2025-03-24 23:00:47,987 [INFO] logging in using static token
2025-03-24 23:00:48,556 [INFO] Database initialization complete
2025-03-24 23:00:48,559 [INFO] Shutting down database connections
2025-03-24 23:00:49,583 [WARNING] PyNaCl is not installed, voice will NOT be supported
2025-03-24 23:00:49,585 [DEBUG] on_ready has successfully been registered as an event
2025-03-24 23:00:49,586 [DEBUG] Using selector: EpollSelector
2025-03-24 23:00:49,587 [INFO] logging in using static token
2025-03-24 23:00:50,249 [INFO] Database initialization complete
2025-03-24 23:00:50,252 [INFO] Shutting down database connections
2025-03-24 23:00:51,208 [WARNING] PyNaCl is not installed, voice will NOT be supported
2025-03-24 23:00:51,210 [DEBUG] on_ready has successfully been registered as an event
2025-03-24 23:00:51,211 [DEBUG] Using selector: EpollSelector
2025-03-24 23:00:51,212 [INFO] logging in using static token
2025-03-24 23:00:51,851 [INFO] Database initialization complete
2025-03-24 23:00:51,854 [INFO] Shutting down database connections
2025-03-24 23:00:52,830 [WARNING] PyNaCl is not installed, voice will NOT be supported
2025-03-24 23:00:52,832 [DEBUG] on_ready has successfully been registered as an event
2025-03-24 23:00:52,832 [DEBUG] Using selector: EpollSelector
2025-03-24 23:00:52,833 [INFO] logging in using static token
2025-03-24 23:00:53,381 [INFO] Database initialization complete
2025-03-24 23:00:53,384 [INFO] Shutting down database connections
2025-03-24 23:00:54,279 [WARNING] PyNaCl is not installed, voice will NOT be supported
2025-03-24 23:00:54,281 [DEBUG] on_ready has successfully been registered as an event
2025-03-24 23:00:54,282 [DEBUG] Using selector: EpollSelector
2025-03-24 23:00:54,283 [INFO] logging in using static token
2025-03-24 23:00:55,335 [INFO] Database initialization complete
2025-03-24 23:00:55,338 [INFO] Shutting down database connections
2025-03-24 23:00:56,224 [WARNING] PyNaCl is not installed, voice will NOT be supported
2025-03-24 23:00:56,225 [DEBUG] on_ready has successfully been registered as an event
2025-03-24 23:00:56,226 [DEBUG] Using selector: EpollSelector
2025-03-24 23:00:56,226 [INFO] logging in using static token
2025-03-24 23:00:56,975 [INFO] Database initialization complete
2025-03-24 23:00:56,978 [INFO] Shutting down database connections
2025-03-24 23:00:57,765 [WARNING] PyNaCl is not installed, voice will NOT be supported
2025-03-24 23:00:57,766 [DEBUG] on_ready has successfully been registered as an event
2025-03-24 23:00:57,767 [DEBUG] Using selector: EpollSelector
2025-03-24 23:00:57,768 [INFO] logging in using static token
2025-03-24 23:00:58,380 [INFO] Database initialization complete
2025-03-24 23:00:58,382 [INFO] Shutting down database connections
2025-03-24 23:00:59,253 [WARNING] PyNaCl is not installed, voice will NOT be supported
2025-03-24 23:00:59,254 [DEBUG] on_ready has successfully been registered as an event
2025-03-24 23:00:59,255 [DEBUG] Using selector: EpollSelector
2025-03-24 23:00:59,256 [INFO] logging in using static token
2025-03-24 23:00:59,789 [INFO] Database initialization complete
2025-03-24 23:00:59,791 [INFO] Shutting down database connections
2025-03-24 23:01:00,615 [WARNING] PyNaCl is not installed, voice will NOT be supported
2025-03-24 23:01:00,617 [DEBUG] on_ready has successfully been registered as an event
2025-03-24 23:01:00,619 [DEBUG] Using selector: EpollSelector
2025-03-24 23:01:00,619 [INFO] logging in using static token
2025-03-24 23:01:01,373 [INFO] Database initialization complete
2025-03-24 23:01:01,376 [INFO] Shutting down database connections
2025-03-24 23:01:02,343 [WARNING] PyNaCl is not installed, voice will NOT be supported
2025-03-24 23:01:02,345 [DEBUG] on_ready has successfully been registered as an event
2025-03-24 23:01:02,345 [DEBUG] Using selector: EpollSelector
2025-03-24 23:01:02,346 [INFO] logging in using static token
2025-03-24 23:01:03,149 [INFO] Database initialization complete
2025-03-24 23:01:03,151 [INFO] Shutting down database connections
2025-03-24 23:01:03,996 [WARNING] PyNaCl is not installed, voice will NOT be supported
2025-03-24 23:01:03,997 [DEBUG] on_ready has successfully been registered as an event
2025-03-24 23:01:03,998 [DEBUG] Using selector: EpollSelector
2025-03-24 23:01:03,998 [INFO] logging in using static token
2025-03-24 23:01:04,649 [INFO] Database initialization complete
2025-03-24 23:01:04,651 [INFO] Shutting down database connections
2025-03-24 23:01:05,491 [WARNING] PyNaCl is not installed, voice will NOT be supported
2025-03-24 23:01:05,493 [DEBUG] on_ready has successfully been registered as an event
2025-03-24 23:01:05,494 [DEBUG] Using selector: EpollSelector
2025-03-24 23:01:05,494 [INFO] logging in using static token
2025-03-24 23:01:06,074 [INFO] Database initialization complete
2025-03-24 23:01:06,075 [INFO] Shutting down database connections
2025-03-24 23:01:06,953 [WARNING] PyNaCl is not installed, voice will NOT be supported
2025-03-24 23:01:06,955 [DEBUG] on_ready has successfully been registered as an event
2025-03-24 23:01:06,956 [DEBUG] Using selector: EpollSelector
2025-03-24 23:01:06,957 [INFO] logging in using static token
2025-03-24 23:01:07,517 [INFO] Database initialization complete
2025-03-24 23:01:07,519 [INFO] Shutting down database connections
2025-03-24 23:01:08,333 [WARNING] PyNaCl is not installed, voice will NOT be supported
2025-03-24 23:01:08,335 [DEBUG] on_ready has successfully been registered as an event
2025-03-24 23:01:08,335 [DEBUG] Using selector: EpollSelector
2025-03-24 23:01:08,336 [INFO] logging in using static token
2025-03-24 23:01:08,889 [INFO] Database initialization complete
2025-03-24 23:01:08,891 [INFO] Shutting down database connections
2025-03-24 23:01:09,679 [WARNING] PyNaCl is not installed, voice will NOT be supported
2025-03-24 23:01:09,681 [DEBUG] on_ready has successfully been registered as an event
2025-03-24 23:01:09,681 [DEBUG] Using selector: EpollSelector
2025-03-24 23:01:09,682 [INFO] logging in using static token
2025-03-24 23:01:10,409 [INFO] Database initialization complete
2025-03-24 23:01:10,411 [INFO] Shutting down database connections
2025-03-24 23:01:11,262 [WARNING] PyNaCl is not installed, voice will NOT be supported
2025-03-24 23:01:11,264 [DEBUG] on_ready has successfully been registered as an event
2025-03-24 23:01:11,265 [DEBUG] Using selector: EpollSelector
2025-03-24 23:01:11,265 [INFO] logging in using static token
2025-03-24 23:01:11,955 [INFO] Database initialization complete
2025-03-24 23:01:11,957 [INFO] Shutting down database connections
2025-03-24 23:01:12,810 [WARNING] PyNaCl is not installed, voice will NOT be supported
2025-03-24 23:01:12,811 [DEBUG] on_ready has successfully been registered as an event
2025-03-24 23:01:12,812 [DEBUG] Using selector: EpollSelector
2025-03-24 23:01:12,813 [INFO] logging in using static token
2025-03-24 23:01:13,605 [INFO] Database initialization complete
2025-03-24 23:01:13,608 [INFO] Shutting down database connections
2025-03-24 23:01:14,495 [WARNING] PyNaCl is not installed, voice will NOT be supported
2025-03-24 23:01:14,497 [DEBUG] on_ready has successfully been registered as an event
2025-03-24 23:01:14,498 [DEBUG] Using selector: EpollSelector
2025-03-24 23:01:14,498 [INFO] logging in using static token
2025-03-24 23:01:15,045 [INFO] Database initialization complete
2025-03-24 23:01:15,047 [INFO] Shutting down database connections
2025-03-24 23:01:15,854 [WARNING] PyNaCl is not installed, voice will NOT be supported
2025-03-24 23:01:15,855 [DEBUG] on_ready has successfully been registered as an event
2025-03-24 23:01:15,856 [DEBUG] Using selector: EpollSelector
2025-03-24 23:01:15,856 [INFO] logging in using static token
2025-03-24 23:01:16,462 [INFO] Database initialization complete
2025-03-24 23:01:16,463 [INFO] Shutting down database connections
2025-03-24 23:01:17,322 [WARNING] PyNaCl is not installed, voice will NOT be supported
2025-03-24 23:01:17,323 [DEBUG] on_ready has successfully been registered as an event
2025-03-24 23:01:17,324 [DEBUG] Using selector: EpollSelector
2025-03-24 23:01:17,324 [INFO] logging in using static token
2025-03-24 23:01:17,950 [INFO] Database initialization complete
2025-03-24 23:01:17,952 [INFO] Shutting down database connections
2025-03-24 23:01:18,802 [WARNING] PyNaCl is not installed, voice will NOT be supported
2025-03-24 23:01:18,803 [DEBUG] on_ready has successfully been registered as an event
2025-03-24 23:01:18,804 [DEBUG] Using selector: EpollSelector
2025-03-24 23:01:18,804 [INFO] logging in using static token
2025-03-24 23:01:19,439 [INFO] Database initialization complete
2025-03-24 23:01:19,440 [INFO] Shutting down database connections
2025-03-24 23:01:20,319 [WARNING] PyNaCl is not installed, voice will NOT be supported
2025-03-24 23:01:20,321 [DEBUG] on_ready has successfully been registered as an event
2025-03-24 23:01:20,322 [DEBUG] Using selector: EpollSelector
2025-03-24 23:01:20,322 [INFO] logging in using static token
2025-03-24 23:01:20,963 [INFO] Database initialization complete
2025-03-24 23:01:20,966 [INFO] Shutting down database connections
2025-03-24 23:01:21,939 [WARNING] PyNaCl is not installed, voice will NOT be supported
2025-03-24 23:01:21,941 [DEBUG] on_ready has successfully been registered as an event
2025-03-24 23:01:21,942 [DEBUG] Using selector: EpollSelector
2025-03-24 23:01:21,943 [INFO] logging in using static token
2025-03-24 23:01:22,553 [INFO] Database initialization complete
2025-03-24 23:01:22,555 [INFO] Shutting down database connections
2025-03-24 23:01:23,418 [WARNING] PyNaCl is not installed, voice will NOT be supported
2025-03-24 23:01:23,419 [DEBUG] on_ready has successfully been registered as an event
2025-03-24 23:01:23,420 [DEBUG] Using selector: EpollSelector
2025-03-24 23:01:23,421 [INFO] logging in using static token
2025-03-24 23:01:24,039 [INFO] Database initialization complete
2025-03-24 23:01:24,041 [INFO] Shutting down database connections
2025-03-24 23:01:24,870 [WARNING] PyNaCl is not installed, voice will NOT be supported
2025-03-24 23:01:24,872 [DEBUG] on_ready has successfully been registered as an event
2025-03-24 23:01:24,872 [DEBUG] Using selector: EpollSelector
2025-03-24 23:01:24,873 [INFO] logging in using static token
2025-03-24 23:01:25,426 [INFO] Database initialization complete
2025-03-24 23:01:25,430 [INFO] Shutting down database connections
2025-03-24 23:01:26,231 [WARNING] PyNaCl is not installed, voice will NOT be supported
2025-03-24 23:01:26,232 [DEBUG] on_ready has successfully been registered as an event
2025-03-24 23:01:26,233 [DEBUG] Using selector: EpollSelector
2025-03-24 23:01:26,234 [INFO] logging in using static token
2025-03-24 23:01:26,800 [INFO] Database initialization complete
2025-03-24 23:01:26,801 [INFO] Shutting down database connections
2025-03-24 23:01:27,686 [WARNING] PyNaCl is not installed, voice will NOT be supported
2025-03-24 23:01:27,687 [DEBUG] on_ready has successfully been registered as an event
2025-03-24 23:01:27,688 [DEBUG] Using selector: EpollSelector
2025-03-24 23:01:27,688 [INFO] logging in using static token
2025-03-24 23:01:28,331 [INFO] Database initialization complete
2025-03-24 23:01:28,332 [INFO] Shutting down database connections
2025-03-24 23:01:29,237 [WARNING] PyNaCl is not installed, voice will NOT be supported
2025-03-24 23:01:29,238 [DEBUG] on_ready has successfully been registered as an event
2025-03-24 23:01:29,239 [DEBUG] Using selector: EpollSelector
2025-03-24 23:01:29,241 [INFO] logging in using static token
2025-03-24 23:01:30,450 [INFO] Database initialization complete
2025-03-24 23:01:30,452 [INFO] Shutting down database connections
2025-03-24 23:01:31,290 [WARNING] PyNaCl is not installed, voice will NOT be supported
2025-03-24 23:01:31,292 [DEBUG] on_ready has successfully been registered as an event
2025-03-24 23:01:31,293 [DEBUG] Using selector: EpollSelector
2025-03-24 23:01:31,293 [INFO] logging in using static token
2025-03-24 23:01:31,860 [INFO] Database initialization complete
2025-03-24 23:01:31,864 [INFO] Shutting down database connections
2025-03-24 23:01:32,894 [WARNING] PyNaCl is not installed, voice will NOT be supported
2025-03-24 23:01:32,896 [DEBUG] on_ready has successfully been registered as an event
2025-03-24 23:01:32,896 [DEBUG] Using selector: EpollSelector
2025-03-24 23:01:32,897 [INFO] logging in using static token
2025-03-24 23:01:33,692 [INFO] Database initialization complete
2025-03-24 23:01:33,694 [INFO] Shutting down database connections
2025-03-24 23:01:34,603 [WARNING] PyNaCl is not installed, voice will NOT be supported
2025-03-24 23:01:34,604 [DEBUG] on_ready has successfully been registered as an event
2025-03-24 23:01:34,605 [DEBUG] Using selector: EpollSelector
2025-03-24 23:01:34,605 [INFO] logging in using static token
2025-03-24 23:01:35,169 [INFO] Database initialization complete
2025-03-24 23:01:35,171 [INFO] Shutting down database connections
2025-03-24 23:01:36,025 [WARNING] PyNaCl is not installed, voice will NOT be supported
2025-03-24 23:01:36,026 [DEBUG] on_ready has successfully been registered as an event
2025-03-24 23:01:36,027 [DEBUG] Using selector: EpollSelector
2025-03-24 23:01:36,028 [INFO] logging in using static token
2025-03-24 23:01:36,882 [INFO] Database initialization complete
2025-03-24 23:01:36,884 [INFO] Shutting down database connections
2025-03-24 23:01:37,617 [WARNING] PyNaCl is not installed, voice will NOT be supported
2025-03-24 23:01:37,618 [DEBUG] on_ready has successfully been registered as an event
2025-03-24 23:01:37,619 [DEBUG] Using selector: EpollSelector
2025-03-24 23:01:37,619 [INFO] logging in using static token
2025-03-24 23:01:38,305 [INFO] Database initialization complete
2025-03-24 23:01:38,306 [INFO] Shutting down database connections
2025-03-24 23:01:39,064 [WARNING] PyNaCl is not installed, voice will NOT be supported
2025-03-24 23:01:39,065 [DEBUG] on_ready has successfully been registered as an event
2025-03-24 23:01:39,066 [DEBUG] Using selector: EpollSelector
2025-03-24 23:01:39,067 [INFO] logging in using static token
2025-03-24 23:01:39,757 [INFO] Database initialization complete
2025-03-24 23:01:39,759 [INFO] Shutting down database connections
2025-03-24 23:01:40,504 [WARNING] PyNaCl is not installed, voice will NOT be supported
2025-03-24 23:01:40,505 [DEBUG] on_ready has successfully been registered as an event
2025-03-24 23:01:40,506 [DEBUG] Using selector: EpollSelector
2025-03-24 23:01:40,506 [INFO] logging in using static token
2025-03-24 23:01:41,217 [INFO] Database initialization complete
2025-03-24 23:01:41,218 [INFO] Shutting down database connections
2025-03-24 23:01:41,997 [WARNING] PyNaCl is not installed, voice will NOT be supported
2025-03-24 23:01:41,998 [DEBUG] on_ready has successfully been registered as an event
2025-03-24 23:01:41,999 [DEBUG] Using selector: EpollSelector
2025-03-24 23:01:42,000 [INFO] logging in using static token
2025-03-24 23:01:42,817 [INFO] Database initialization complete
2025-03-24 23:01:42,819 [INFO] Shutting down database connections
2025-03-24 23:01:43,659 [WARNING] PyNaCl is not installed, voice will NOT be supported
2025-03-24 23:01:43,664 [DEBUG] on_ready has successfully been registered as an event
2025-03-24 23:01:43,665 [DEBUG] Using selector: EpollSelector
2025-03-24 23:01:43,666 [INFO] logging in using static token
2025-03-24 23:01:44,365 [INFO] Database initialization complete
2025-03-24 23:01:44,368 [INFO] Shutting down database connections
2025-03-24 23:01:45,291 [WARNING] PyNaCl is not installed, voice will NOT be supported
2025-03-24 23:01:45,292 [DEBUG] on_ready has successfully been registered as an event
2025-03-24 23:01:45,293 [DEBUG] Using selector: EpollSelector
2025-03-24 23:01:45,293 [INFO] logging in using static token
2025-03-24 23:01:45,945 [INFO] Database initialization complete
2025-03-24 23:01:45,946 [INFO] Shutting down database connections
2025-03-24 23:01:46,716 [WARNING] PyNaCl is not installed, voice will NOT be supported
2025-03-24 23:01:46,717 [DEBUG] on_ready has successfully been registered as an event
2025-03-24 23:01:46,718 [DEBUG] Using selector: EpollSelector
2025-03-24 23:01:46,719 [INFO] logging in using static token
2025-03-24 23:01:47,322 [INFO] Database initialization complete
2025-03-24 23:01:47,323 [INFO] Shutting down database connections
2025-03-24 23:01:48,187 [WARNING] PyNaCl is not installed, voice will NOT be supported
2025-03-24 23:01:48,189 [DEBUG] on_ready has successfully been registered as an event
2025-03-24 23:01:48,189 [DEBUG] Using selector: EpollSelector
2025-03-24 23:01:48,190 [INFO] logging in using static token
2025-03-24 23:01:48,822 [INFO] Database initialization complete
2025-03-24 23:01:48,823 [INFO] Shutting down database connections
2025-03-24 23:01:49,603 [WARNING] PyNaCl is not installed, voice will NOT be supported
2025-03-24 23:01:49,605 [DEBUG] on_ready has successfully been registered as an event
2025-03-24 23:01:49,605 [DEBUG] Using selector: EpollSelector
2025-03-24 23:01:49,606 [INFO] logging in using static token
2025-03-24 23:01:50,117 [INFO] Database initialization complete
2025-03-24 23:01:50,118 [INFO] Shutting down database connections
2025-03-24 23:01:50,895 [WARNING] PyNaCl is not installed, voice will NOT be supported
2025-03-24 23:01:50,896 [DEBUG] on_ready has successfully been registered as an event
2025-03-24 23:01:50,897 [DEBUG] Using selector: EpollSelector
2025-03-24 23:01:50,897 [INFO] logging in using static token
2025-03-24 23:01:51,392 [INFO] Database initialization complete
2025-03-24 23:01:51,394 [INFO] Shutting down database connections
2025-03-24 23:01:52,155 [WARNING] PyNaCl is not installed, voice will NOT be supported
2025-03-24 23:01:52,157 [DEBUG] on_ready has successfully been registered as an event
2025-03-24 23:01:52,157 [DEBUG] Using selector: EpollSelector
2025-03-24 23:01:52,158 [INFO] logging in using static token
2025-03-24 23:01:52,703 [INFO] Database initialization complete
2025-03-24 23:01:52,704 [INFO] Shutting down database connections
2025-03-24 23:01:53,487 [WARNING] PyNaCl is not installed, voice will NOT be supported
2025-03-24 23:01:53,488 [DEBUG] on_ready has successfully been registered as an event
2025-03-24 23:01:53,489 [DEBUG] Using selector: EpollSelector
2025-03-24 23:01:53,489 [INFO] logging in using static token
2025-03-24 23:01:54,332 [INFO] Database initialization complete
2025-03-24 23:01:54,334 [INFO] Shutting down database connections
2025-03-24 23:01:55,161 [WARNING] PyNaCl is not installed, voice will NOT be supported
2025-03-24 23:01:55,162 [DEBUG] on_ready has successfully been registered as an event
2025-03-24 23:01:55,164 [DEBUG] Using selector: EpollSelector
2025-03-24 23:01:55,164 [INFO] logging in using static token
2025-03-24 23:01:55,955 [INFO] Database initialization complete
2025-03-24 23:01:55,957 [INFO] Shutting down database connections
2025-03-24 23:01:56,753 [WARNING] PyNaCl is not installed, voice will NOT be supported
2025-03-24 23:01:56,754 [DEBUG] on_ready has successfully been registered as an event
2025-03-24 23:01:56,755 [DEBUG] Using selector: EpollSelector
2025-03-24 23:01:56,755 [INFO] logging in using static token
2025-03-24 23:01:58,507 [INFO] Database initialization complete
2025-03-24 23:01:58,509 [INFO] Shutting down database connections
2025-03-24 23:01:59,311 [WARNING] PyNaCl is not installed, voice will NOT be supported
2025-03-24 23:01:59,313 [DEBUG] on_ready has successfully been registered as an event
2025-03-24 23:01:59,314 [DEBUG] Using selector: EpollSelector
2025-03-24 23:01:59,314 [INFO] logging in using static token
2025-03-24 23:02:00,006 [INFO] Database initialization complete
2025-03-24 23:02:00,008 [INFO] Shutting down database connections
2025-03-24 23:02:00,750 [WARNING] PyNaCl is not installed, voice will NOT be supported
2025-03-24 23:02:00,751 [DEBUG] on_ready has successfully been registered as an event
2025-03-24 23:02:00,752 [DEBUG] Using selector: EpollSelector
2025-03-24 23:02:00,752 [INFO] logging in using static token
2025-03-24 23:02:01,357 [INFO] Database initialization complete
2025-03-24 23:02:01,360 [INFO] Shutting down database connections
2025-03-24 23:02:02,290 [WARNING] PyNaCl is not installed, voice will NOT be supported
2025-03-24 23:02:02,292 [DEBUG] on_ready has successfully been registered as an event
2025-03-24 23:02:02,293 [DEBUG] Using selector: EpollSelector
2025-03-24 23:02:02,294 [INFO] logging in using static token
2025-03-24 23:02:02,932 [INFO] Database initialization complete
2025-03-24 23:02:02,939 [INFO] Shutting down database connections
2025-03-24 23:02:03,812 [WARNING] PyNaCl is not installed, voice will NOT be supported
2025-03-24 23:02:03,813 [DEBUG] on_ready has successfully been registered as an event
2025-03-24 23:02:03,814 [DEBUG] Using selector: EpollSelector
2025-03-24 23:02:03,815 [INFO] logging in using static token
2025-03-24 23:02:04,474 [INFO] Database initialization complete
2025-03-24 23:02:04,476 [INFO] Shutting down database connections
2025-03-24 23:02:05,294 [WARNING] PyNaCl is not installed, voice will NOT be supported
2025-03-24 23:02:05,295 [DEBUG] on_ready has successfully been registered as an event
2025-03-24 23:02:05,296 [DEBUG] Using selector: EpollSelector
2025-03-24 23:02:05,296 [INFO] logging in using static token
2025-03-24 23:02:05,871 [INFO] Database initialization complete
2025-03-24 23:02:05,873 [INFO] Shutting down database connections
2025-03-24 23:02:06,715 [WARNING] PyNaCl is not installed, voice will NOT be supported
2025-03-24 23:02:06,716 [DEBUG] on_ready has successfully been registered as an event
2025-03-24 23:02:06,716 [DEBUG] Using selector: EpollSelector
2025-03-24 23:02:06,717 [INFO] logging in using static token
2025-03-24 23:02:07,279 [INFO] Database initialization complete
2025-03-24 23:02:07,281 [INFO] Shutting down database connections
2025-03-24 23:02:08,102 [WARNING] PyNaCl is not installed, voice will NOT be supported
2025-03-24 23:02:08,103 [DEBUG] on_ready has successfully been registered as an event
2025-03-24 23:02:08,104 [DEBUG] Using selector: EpollSelector
2025-03-24 23:02:08,104 [INFO] logging in using static token
2025-03-24 23:02:08,928 [INFO] Database initialization complete
2025-03-24 23:02:08,930 [INFO] Shutting down database connections
2025-03-24 23:02:09,815 [WARNING] PyNaCl is not installed, voice will NOT be supported
2025-03-24 23:02:09,816 [DEBUG] on_ready has successfully been registered as an event
2025-03-24 23:02:09,816 [DEBUG] Using selector: EpollSelector
2025-03-24 23:02:09,817 [INFO] logging in using static token
2025-03-24 23:02:10,349 [INFO] Database initialization complete
2025-03-24 23:02:10,351 [INFO] Shutting down database connections
2025-03-24 23:02:11,244 [WARNING] PyNaCl is not installed, voice will NOT be supported
2025-03-24 23:02:11,246 [DEBUG] on_ready has successfully been registered as an event
2025-03-24 23:02:11,246 [DEBUG] Using selector: EpollSelector
2025-03-24 23:02:11,247 [INFO] logging in using static token
2025-03-24 23:02:11,745 [INFO] Database initialization complete
2025-03-24 23:02:11,747 [INFO] Shutting down database connections
2025-03-24 23:02:12,650 [WARNING] PyNaCl is not installed, voice will NOT be supported
2025-03-24 23:02:12,652 [DEBUG] on_ready has successfully been registered as an event
2025-03-24 23:02:12,652 [DEBUG] Using selector: EpollSelector
2025-03-24 23:02:12,653 [INFO] logging in using static token
2025-03-24 23:02:13,165 [INFO] Database initialization complete
2025-03-24 23:02:13,167 [INFO] Shutting down database connections
2025-03-24 23:02:13,941 [WARNING] PyNaCl is not installed, voice will NOT be supported
2025-03-24 23:02:13,942 [DEBUG] on_ready has successfully been registered as an event
2025-03-24 23:02:13,943 [DEBUG] Using selector: EpollSelector
2025-03-24 23:02:13,943 [INFO] logging in using static token
2025-03-24 23:02:14,787 [INFO] Database initialization complete
2025-03-24 23:02:14,789 [INFO] Shutting down database connections
2025-03-24 23:02:15,532 [WARNING] PyNaCl is not installed, voice will NOT be supported
2025-03-24 23:02:15,533 [DEBUG] on_ready has successfully been registered as an event
2025-03-24 23:02:15,538 [DEBUG] Using selector: EpollSelector
2025-03-24 23:02:15,539 [INFO] logging in using static token
2025-03-24 23:02:16,186 [INFO] Database initialization complete
2025-03-24 23:02:16,188 [INFO] Shutting down database connections
2025-03-24 23:02:16,990 [WARNING] PyNaCl is not installed, voice will NOT be supported
2025-03-24 23:02:16,992 [DEBUG] on_ready has successfully been registered as an event
2025-03-24 23:02:16,993 [DEBUG] Using selector: EpollSelector
2025-03-24 23:02:16,993 [INFO] logging in using static token
2025-03-24 23:02:18,026 [INFO] Database initialization complete
2025-03-24 23:02:18,028 [INFO] Shutting down database connections
2025-03-24 23:02:18,998 [WARNING] PyNaCl is not installed, voice will NOT be supported
2025-03-24 23:02:18,999 [DEBUG] on_ready has successfully been registered as an event
2025-03-24 23:02:19,000 [DEBUG] Using selector: EpollSelector
2025-03-24 23:02:19,001 [INFO] logging in using static token
2025-03-24 23:02:19,552 [INFO] Database initialization complete
2025-03-24 23:02:19,554 [INFO] Shutting down database connections
2025-03-24 23:02:20,698 [WARNING] PyNaCl is not installed, voice will NOT be supported
2025-03-24 23:02:20,701 [DEBUG] on_ready has successfully been registered as an event
2025-03-24 23:02:20,702 [DEBUG] Using selector: EpollSelector
2025-03-24 23:02:20,703 [INFO] logging in using static token
2025-03-24 23:02:21,361 [INFO] Database initialization complete
2025-03-24 23:02:21,364 [INFO] Shutting down database connections
2025-03-24 23:02:22,277 [WARNING] PyNaCl is not installed, voice will NOT be supported
2025-03-24 23:02:22,279 [DEBUG] on_ready has successfully been registered as an event
2025-03-24 23:02:22,279 [DEBUG] Using selector: EpollSelector
2025-03-24 23:02:22,280 [INFO] logging in using static token
2025-03-24 23:02:23,067 [INFO] Database initialization complete
2025-03-24 23:02:23,069 [INFO] Shutting down database connections
2025-03-24 23:02:23,925 [WARNING] PyNaCl is not installed, voice will NOT be supported
2025-03-24 23:02:23,926 [DEBUG] on_ready has successfully been registered as an event
2025-03-24 23:02:23,927 [DEBUG] Using selector: EpollSelector
2025-03-24 23:02:23,927 [INFO] logging in using static token
2025-03-24 23:02:24,487 [INFO] Database initialization complete
2025-03-24 23:02:24,489 [INFO] Shutting down database connections
2025-03-24 23:02:25,312 [WARNING] PyNaCl is not installed, voice will NOT be supported
2025-03-24 23:02:25,313 [DEBUG] on_ready has successfully been registered as an event
2025-03-24 23:02:25,314 [DEBUG] Using selector: EpollSelector
2025-03-24 23:02:25,315 [INFO] logging in using static token
2025-03-24 23:02:25,823 [INFO] Database initialization complete
2025-03-24 23:02:25,825 [INFO] Shutting down database connections
2025-03-24 23:02:26,620 [WARNING] PyNaCl is not installed, voice will NOT be supported
2025-03-24 23:02:26,622 [DEBUG] on_ready has successfully been registered as an event
2025-03-24 23:02:26,623 [DEBUG] Using selector: EpollSelector
2025-03-24 23:02:26,624 [INFO] logging in using static token
2025-03-24 23:02:27,221 [INFO] Database initialization complete
2025-03-24 23:02:27,223 [INFO] Shutting down database connections
2025-03-24 23:02:28,041 [WARNING] PyNaCl is not installed, voice will NOT be supported
2025-03-24 23:02:28,043 [DEBUG] on_ready has successfully been registered as an event
2025-03-24 23:02:28,043 [DEBUG] Using selector: EpollSelector
2025-03-24 23:02:28,044 [INFO] logging in using static token
2025-03-24 23:02:28,614 [INFO] Database initialization complete
2025-03-24 23:02:28,616 [INFO] Shutting down database connections
2025-03-24 23:02:29,580 [WARNING] PyNaCl is not installed, voice will NOT be supported
2025-03-24 23:02:29,582 [DEBUG] on_ready has successfully been registered as an event
2025-03-24 23:02:29,583 [DEBUG] Using selector: EpollSelector
2025-03-24 23:02:29,583 [INFO] logging in using static token
2025-03-24 23:02:30,225 [INFO] Database initialization complete
2025-03-24 23:02:30,227 [INFO] Shutting down database connections
2025-03-24 23:02:31,066 [WARNING] PyNaCl is not installed, voice will NOT be supported
2025-03-24 23:02:31,068 [DEBUG] on_ready has successfully been registered as an event
2025-03-24 23:02:31,069 [DEBUG] Using selector: EpollSelector
2025-03-24 23:02:31,070 [INFO] logging in using static token
2025-03-24 23:02:31,734 [INFO] Database initialization complete
2025-03-24 23:02:31,735 [INFO] Shutting down database connections
2025-03-24 23:02:33,440 [WARNING] PyNaCl is not installed, voice will NOT be supported
2025-03-24 23:02:33,442 [DEBUG] on_ready has successfully been registered as an event
2025-03-24 23:02:33,442 [DEBUG] Using selector: EpollSelector
2025-03-24 23:02:33,443 [INFO] logging in using static token
2025-03-24 23:02:34,187 [INFO] Database initialization complete
2025-03-24 23:02:34,191 [INFO] Shutting down database connections
2025-03-24 23:02:35,100 [WARNING] PyNaCl is not installed, voice will NOT be supported
2025-03-24 23:02:35,102 [DEBUG] on_ready has successfully been registered as an event
2025-03-24 23:02:35,102 [DEBUG] Using selector: EpollSelector
2025-03-24 23:02:35,103 [INFO] logging in using static token
2025-03-24 23:02:35,757 [INFO] Database initialization complete
2025-03-24 23:02:35,758 [INFO] Shutting down database connections
2025-03-24 23:02:36,597 [WARNING] PyNaCl is not installed, voice will NOT be supported
2025-03-24 23:02:36,599 [DEBUG] on_ready has successfully been registered as an event
2025-03-24 23:02:36,600 [DEBUG] Using selector: EpollSelector
2025-03-24 23:02:36,600 [INFO] logging in using static token
2025-03-24 23:02:37,292 [INFO] Database initialization complete
2025-03-24 23:02:37,293 [INFO] Shutting down database connections
2025-03-24 23:02:38,073 [WARNING] PyNaCl is not installed, voice will NOT be supported
2025-03-24 23:02:38,074 [DEBUG] on_ready has successfully been registered as an event
2025-03-24 23:02:38,075 [DEBUG] Using selector: EpollSelector
2025-03-24 23:02:38,076 [INFO] logging in using static token
2025-03-24 23:02:38,816 [INFO] Database initialization complete
2025-03-24 23:02:38,818 [INFO] Shutting down database connections
2025-03-24 23:02:39,669 [WARNING] PyNaCl is not installed, voice will NOT be supported
2025-03-24 23:02:39,671 [DEBUG] on_ready has successfully been registered as an event
2025-03-24 23:02:39,672 [DEBUG] Using selector: EpollSelector
2025-03-24 23:02:39,673 [INFO] logging in using static token
2025-03-24 23:02:40,254 [INFO] Database initialization complete
2025-03-24 23:02:40,255 [INFO] Shutting down database connections
2025-03-24 23:02:41,225 [WARNING] PyNaCl is not installed, voice will NOT be supported
2025-03-24 23:02:41,227 [DEBUG] on_ready has successfully been registered as an event
2025-03-24 23:02:41,228 [DEBUG] Using selector: EpollSelector
2025-03-24 23:02:41,229 [INFO] logging in using static token
2025-03-24 23:02:42,002 [INFO] Database initialization complete
2025-03-24 23:02:42,003 [INFO] Shutting down database connections
2025-03-24 23:02:42,791 [WARNING] PyNaCl is not installed, voice will NOT be supported
2025-03-24 23:02:42,792 [DEBUG] on_ready has successfully been registered as an event
2025-03-24 23:02:42,792 [DEBUG] Using selector: EpollSelector
2025-03-24 23:02:42,793 [INFO] logging in using static token
2025-03-24 23:02:43,336 [INFO] Database initialization complete
2025-03-24 23:02:43,338 [INFO] Shutting down database connections
2025-03-24 23:02:44,196 [WARNING] PyNaCl is not installed, voice will NOT be supported
2025-03-24 23:02:44,198 [DEBUG] on_ready has successfully been registered as an event
2025-03-24 23:02:44,199 [DEBUG] Using selector: EpollSelector
2025-03-24 23:02:44,201 [INFO] logging in using static token
2025-03-24 23:02:45,029 [INFO] Database initialization complete
2025-03-24 23:02:45,030 [INFO] Shutting down database connections
2025-03-24 23:02:45,823 [WARNING] PyNaCl is not installed, voice will NOT be supported
2025-03-24 23:02:45,824 [DEBUG] on_ready has successfully been registered as an event
2025-03-24 23:02:45,825 [DEBUG] Using selector: EpollSelector
2025-03-24 23:02:45,826 [INFO] logging in using static token
2025-03-24 23:02:46,317 [INFO] Database initialization complete
2025-03-24 23:02:46,318 [INFO] Shutting down database connections
2025-03-24 23:02:47,120 [WARNING] PyNaCl is not installed, voice will NOT be supported
2025-03-24 23:02:47,122 [DEBUG] on_ready has successfully been registered as an event
2025-03-24 23:02:47,123 [DEBUG] Using selector: EpollSelector
2025-03-24 23:02:47,124 [INFO] logging in using static token
2025-03-24 23:02:47,942 [INFO] Database initialization complete
2025-03-24 23:02:47,944 [INFO] Shutting down database connections
2025-03-24 23:02:48,711 [WARNING] PyNaCl is not installed, voice will NOT be supported
2025-03-24 23:02:48,713 [DEBUG] on_ready has successfully been registered as an event
2025-03-24 23:02:48,714 [DEBUG] Using selector: EpollSelector
2025-03-24 23:02:48,715 [INFO] logging in using static token
2025-03-24 23:02:49,239 [INFO] Database initialization complete
2025-03-24 23:02:49,241 [INFO] Shutting down database connections
2025-03-24 23:02:50,054 [WARNING] PyNaCl is not installed, voice will NOT be supported
2025-03-24 23:02:50,055 [DEBUG] on_ready has successfully been registered as an event
2025-03-24 23:02:50,056 [DEBUG] Using selector: EpollSelector
2025-03-24 23:02:50,057 [INFO] logging in using static token
2025-03-24 23:02:50,585 [INFO] Database initialization complete
2025-03-24 23:02:50,586 [INFO] Shutting down database connections
2025-03-24 23:02:51,453 [WARNING] PyNaCl is not installed, voice will NOT be supported
2025-03-24 23:02:51,455 [DEBUG] on_ready has successfully been registered as an event
2025-03-24 23:02:51,456 [DEBUG] Using selector: EpollSelector
2025-03-24 23:02:51,457 [INFO] logging in using static token
2025-03-24 23:02:52,040 [INFO] Database initialization complete
2025-03-24 23:02:52,041 [INFO] Shutting down database connections
2025-03-24 23:02:52,781 [WARNING] PyNaCl is not installed, voice will NOT be supported
2025-03-24 23:02:52,782 [DEBUG] on_ready has successfully been registered as an event
2025-03-24 23:02:52,783 [DEBUG] Using selector: EpollSelector
2025-03-24 23:02:52,784 [INFO] logging in using static token
2025-03-24 23:02:53,341 [INFO] Database initialization complete
2025-03-24 23:02:53,343 [INFO] Shutting down database connections
2025-03-24 23:02:54,138 [WARNING] PyNaCl is not installed, voice will NOT be supported
2025-03-24 23:02:54,140 [DEBUG] on_ready has successfully been registered as an event
2025-03-24 23:02:54,141 [DEBUG] Using selector: EpollSelector
2025-03-24 23:02:54,142 [INFO] logging in using static token
2025-03-24 23:02:54,772 [INFO] Database initialization complete
2025-03-24 23:02:54,773 [INFO] Shutting down database connections
2025-03-24 23:02:55,577 [WARNING] PyNaCl is not installed, voice will NOT be supported
2025-03-24 23:02:55,579 [DEBUG] on_ready has successfully been registered as an event
2025-03-24 23:02:55,579 [DEBUG] Using selector: EpollSelector
2025-03-24 23:02:55,580 [INFO] logging in using static token
2025-03-24 23:02:56,166 [INFO] Database initialization complete
2025-03-24 23:02:56,168 [INFO] Shutting down database connections
2025-03-24 23:02:56,928 [WARNING] PyNaCl is not installed, voice will NOT be supported
2025-03-24 23:02:56,930 [DEBUG] on_ready has successfully been registered as an event
2025-03-24 23:02:56,930 [DEBUG] Using selector: EpollSelector
2025-03-24 23:02:56,931 [INFO] logging in using static token
2025-03-24 23:02:57,482 [INFO] Database initialization complete
2025-03-24 23:02:57,484 [INFO] Shutting down database connections
2025-03-24 23:02:58,340 [WARNING] PyNaCl is not installed, voice will NOT be supported
2025-03-24 23:02:58,342 [DEBUG] on_ready has successfully been registered as an event
2025-03-24 23:02:58,343 [DEBUG] Using selector: EpollSelector
2025-03-24 23:02:58,344 [INFO] logging in using static token
2025-03-24 23:02:58,871 [INFO] Database initialization complete
2025-03-24 23:02:58,873 [INFO] Shutting down database connections
2025-03-24 23:02:59,750 [WARNING] PyNaCl is not installed, voice will NOT be supported
2025-03-24 23:02:59,752 [DEBUG] on_ready has successfully been registered as an event
2025-03-24 23:02:59,752 [DEBUG] Using selector: EpollSelector
2025-03-24 23:02:59,753 [INFO] logging in using static token
2025-03-24 23:03:00,361 [INFO] Database initialization complete
2025-03-24 23:03:00,363 [INFO] Shutting down database connections
2025-03-24 23:03:01,208 [WARNING] PyNaCl is not installed, voice will NOT be supported
2025-03-24 23:03:01,210 [DEBUG] on_ready has successfully been registered as an event
2025-03-24 23:03:01,211 [DEBUG] Using selector: EpollSelector
2025-03-24 23:03:01,213 [INFO] logging in using static token
2025-03-24 23:03:01,767 [INFO] Database initialization complete
2025-03-24 23:03:01,769 [INFO] Shutting down database connections
2025-03-24 23:03:02,820 [WARNING] PyNaCl is not installed, voice will NOT be supported
2025-03-24 23:03:02,822 [DEBUG] on_ready has successfully been registered as an event
2025-03-24 23:03:02,823 [DEBUG] Using selector: EpollSelector
2025-03-24 23:03:02,824 [INFO] logging in using static token
2025-03-24 23:03:03,531 [INFO] Database initialization complete
2025-03-24 23:03:03,533 [INFO] Shutting down database connections
2025-03-24 23:03:04,366 [WARNING] PyNaCl is not installed, voice will NOT be supported
2025-03-24 23:03:04,368 [DEBUG] on_ready has successfully been registered as an event
2025-03-24 23:03:04,369 [DEBUG] Using selector: EpollSelector
2025-03-24 23:03:04,370 [INFO] logging in using static token
2025-03-24 23:03:05,270 [INFO] Database initialization complete
2025-03-24 23:03:05,271 [INFO] Shutting down database connections
2025-03-24 23:03:06,055 [WARNING] PyNaCl is not installed, voice will NOT be supported
2025-03-24 23:03:06,056 [DEBUG] on_ready has successfully been registered as an event
2025-03-24 23:03:06,057 [DEBUG] Using selector: EpollSelector
2025-03-24 23:03:06,058 [INFO] logging in using static token
2025-03-24 23:03:06,668 [INFO] Database initialization complete
2025-03-24 23:03:06,670 [INFO] Shutting down database connections
2025-03-24 23:03:07,464 [WARNING] PyNaCl is not installed, voice will NOT be supported
2025-03-24 23:03:07,466 [DEBUG] on_ready has successfully been registered as an event
2025-03-24 23:03:07,467 [DEBUG] Using selector: EpollSelector
2025-03-24 23:03:07,468 [INFO] logging in using static token
2025-03-24 23:03:08,224 [INFO] Database initialization complete
2025-03-24 23:03:08,225 [INFO] Shutting down database connections
2025-03-24 23:03:09,001 [WARNING] PyNaCl is not installed, voice will NOT be supported
2025-03-24 23:03:09,003 [DEBUG] on_ready has successfully been registered as an event
2025-03-24 23:03:09,004 [DEBUG] Using selector: EpollSelector
2025-03-24 23:03:09,004 [INFO] logging in using static token
2025-03-24 23:03:09,580 [INFO] Database initialization complete
2025-03-24 23:03:09,582 [INFO] Shutting down database connections
2025-03-24 23:03:10,427 [WARNING] PyNaCl is not installed, voice will NOT be supported
2025-03-24 23:03:10,429 [DEBUG] on_ready has successfully been registered as an event
2025-03-24 23:03:10,429 [DEBUG] Using selector: EpollSelector
2025-03-24 23:03:10,430 [INFO] logging in using static token
2025-03-24 23:03:11,009 [INFO] Database initialization complete
2025-03-24 23:03:11,010 [INFO] Shutting down database connections
2025-03-24 23:03:11,914 [WARNING] PyNaCl is not installed, voice will NOT be supported
2025-03-24 23:03:11,916 [DEBUG] on_ready has successfully been registered as an event
2025-03-24 23:03:11,917 [DEBUG] Using selector: EpollSelector
2025-03-24 23:03:11,918 [INFO] logging in using static token
2025-03-24 23:03:12,459 [INFO] Database initialization complete
2025-03-24 23:03:12,461 [INFO] Shutting down database connections
2025-03-24 23:03:13,271 [WARNING] PyNaCl is not installed, voice will NOT be supported
2025-03-24 23:03:13,273 [DEBUG] on_ready has successfully been registered as an event
2025-03-24 23:03:13,273 [DEBUG] Using selector: EpollSelector
2025-03-24 23:03:13,274 [INFO] logging in using static token
2025-03-24 23:03:13,988 [INFO] Database initialization complete
2025-03-24 23:03:13,990 [INFO] Shutting down database connections
2025-03-24 23:03:14,833 [WARNING] PyNaCl is not installed, voice will NOT be supported
2025-03-24 23:03:14,834 [DEBUG] on_ready has successfully been registered as an event
2025-03-24 23:03:14,835 [DEBUG] Using selector: EpollSelector
2025-03-24 23:03:14,836 [INFO] logging in using static token
2025-03-24 23:03:15,445 [INFO] Database initialization complete
2025-03-24 23:03:15,447 [INFO] Shutting down database connections
2025-03-24 23:03:16,248 [WARNING] PyNaCl is not installed, voice will NOT be supported
2025-03-24 23:03:16,250 [DEBUG] on_ready has successfully been registered as an event
2025-03-24 23:03:16,251 [DEBUG] Using selector: EpollSelector
2025-03-24 23:03:16,252 [INFO] logging in using static token
2025-03-24 23:03:17,298 [INFO] Database initialization complete
2025-03-24 23:03:17,299 [INFO] Shutting down database connections
2025-03-24 23:03:18,114 [WARNING] PyNaCl is not installed, voice will NOT be supported
2025-03-24 23:03:18,117 [DEBUG] on_ready has successfully been registered as an event
2025-03-24 23:03:18,119 [DEBUG] Using selector: EpollSelector
2025-03-24 23:03:18,119 [INFO] logging in using static token
2025-03-24 23:03:18,616 [INFO] Database initialization complete
2025-03-24 23:03:18,618 [INFO] Shutting down database connections
2025-03-24 23:03:19,495 [WARNING] PyNaCl is not installed, voice will NOT be supported
2025-03-24 23:03:19,496 [DEBUG] on_ready has successfully been registered as an event
2025-03-24 23:03:19,498 [DEBUG] Using selector: EpollSelector
2025-03-24 23:03:19,499 [INFO] logging in using static token
2025-03-24 23:03:20,183 [INFO] Database initialization complete
2025-03-24 23:03:20,185 [INFO] Shutting down database connections
2025-03-24 23:03:21,050 [WARNING] PyNaCl is not installed, voice will NOT be supported
2025-03-24 23:03:21,052 [DEBUG] on_ready has successfully been registered as an event
2025-03-24 23:03:21,053 [DEBUG] Using selector: EpollSelector
2025-03-24 23:03:21,054 [INFO] logging in using static token
2025-03-24 23:03:21,544 [INFO] Database initialization complete
2025-03-24 23:03:21,545 [INFO] Shutting down database connections
2025-03-24 23:03:22,342 [WARNING] PyNaCl is not installed, voice will NOT be supported
2025-03-24 23:03:22,344 [DEBUG] on_ready has successfully been registered as an event
2025-03-24 23:03:22,344 [DEBUG] Using selector: EpollSelector
2025-03-24 23:03:22,345 [INFO] logging in using static token
2025-03-24 23:03:22,907 [INFO] Database initialization complete
2025-03-24 23:03:22,909 [INFO] Shutting down database connections
2025-03-24 23:03:23,663 [WARNING] PyNaCl is not installed, voice will NOT be supported
2025-03-24 23:03:23,665 [DEBUG] on_ready has successfully been registered as an event
2025-03-24 23:03:23,666 [DEBUG] Using selector: EpollSelector
2025-03-24 23:03:23,667 [INFO] logging in using static token
2025-03-24 23:03:24,205 [INFO] Database initialization complete
2025-03-24 23:03:24,207 [INFO] Shutting down database connections
2025-03-24 23:03:25,086 [WARNING] PyNaCl is not installed, voice will NOT be supported
2025-03-24 23:03:25,087 [DEBUG] on_ready has successfully been registered as an event
2025-03-24 23:03:25,088 [DEBUG] Using selector: EpollSelector
2025-03-24 23:03:25,089 [INFO] logging in using static token
2025-03-24 23:03:25,666 [INFO] Database initialization complete
2025-03-24 23:03:25,668 [INFO] Shutting down database connections
2025-03-24 23:03:26,488 [WARNING] PyNaCl is not installed, voice will NOT be supported
2025-03-24 23:03:26,490 [DEBUG] on_ready has successfully been registered as an event
2025-03-24 23:03:26,491 [DEBUG] Using selector: EpollSelector
2025-03-24 23:03:26,492 [INFO] logging in using static token
2025-03-24 23:03:27,045 [INFO] Database initialization complete
2025-03-24 23:03:27,047 [INFO] Shutting down database connections
2025-03-24 23:03:27,832 [WARNING] PyNaCl is not installed, voice will NOT be supported
2025-03-24 23:03:27,833 [DEBUG] on_ready has successfully been registered as an event
2025-03-24 23:03:27,834 [DEBUG] Using selector: EpollSelector
2025-03-24 23:03:27,835 [INFO] logging in using static token
2025-03-24 23:03:28,382 [INFO] Database initialization complete
2025-03-24 23:03:28,383 [INFO] Shutting down database connections
2025-03-24 23:03:29,123 [WARNING] PyNaCl is not installed, voice will NOT be supported
2025-03-24 23:03:29,127 [DEBUG] on_ready has successfully been registered as an event
2025-03-24 23:03:29,128 [DEBUG] Using selector: EpollSelector
2025-03-24 23:03:29,129 [INFO] logging in using static token
2025-03-24 23:03:29,739 [INFO] Database initialization complete
2025-03-24 23:03:29,741 [INFO] Shutting down database connections
2025-03-24 23:03:30,676 [WARNING] PyNaCl is not installed, voice will NOT be supported
2025-03-24 23:03:30,677 [DEBUG] on_ready has successfully been registered as an event
2025-03-24 23:03:30,678 [DEBUG] Using selector: EpollSelector
2025-03-24 23:03:30,679 [INFO] logging in using static token
2025-03-24 23:03:31,376 [INFO] Database initialization complete
2025-03-24 23:03:31,379 [INFO] Shutting down database connections
2025-03-24 23:03:32,329 [WARNING] PyNaCl is not installed, voice will NOT be supported
2025-03-24 23:03:32,331 [DEBUG] on_ready has successfully been registered as an event
2025-03-24 23:03:32,332 [DEBUG] Using selector: EpollSelector
2025-03-24 23:03:32,333 [INFO] logging in using static token
2025-03-24 23:03:32,983 [INFO] Database initialization complete
2025-03-24 23:03:32,984 [INFO] Shutting down database connections
2025-03-24 23:03:33,742 [WARNING] PyNaCl is not installed, voice will NOT be supported
2025-03-24 23:03:33,744 [DEBUG] on_ready has successfully been registered as an event
2025-03-24 23:03:33,745 [DEBUG] Using selector: EpollSelector
2025-03-24 23:03:33,746 [INFO] logging in using static token
2025-03-24 23:03:34,338 [INFO] Database initialization complete
2025-03-24 23:03:34,339 [INFO] Shutting down database connections
2025-03-24 23:03:35,136 [WARNING] PyNaCl is not installed, voice will NOT be supported
2025-03-24 23:03:35,137 [DEBUG] on_ready has successfully been registered as an event
2025-03-24 23:03:35,138 [DEBUG] Using selector: EpollSelector
2025-03-24 23:03:35,139 [INFO] logging in using static token
2025-03-24 23:03:35,801 [INFO] Database initialization complete
2025-03-24 23:03:35,803 [INFO] Shutting down database connections
2025-03-24 23:03:36,634 [WARNING] PyNaCl is not installed, voice will NOT be supported
2025-03-24 23:03:36,635 [DEBUG] on_ready has successfully been registered as an event
2025-03-24 23:03:36,636 [DEBUG] Using selector: EpollSelector
2025-03-24 23:03:36,637 [INFO] logging in using static token
2025-03-24 23:03:37,270 [INFO] Database initialization complete
2025-03-24 23:03:37,274 [INFO] Loading extensions...
2025-03-24 23:03:37,276 [ERROR] ✗ Failed to load commands.xp: ExtensionFailed: Extension 'commands.xp' raised an error: ImportError: cannot import name 'xp_needed_for_level' from 'utils.xp_utils' (/home/lilac/nova/utils/xp_utils.py)
2025-03-24 23:03:37,279 [INFO] ✓ Loaded commands.xp_lb
2025-03-24 23:03:37,281 [INFO] ✓ Loaded commands.sparkle_leaderboard
2025-03-24 23:03:37,284 [INFO] ✓ Loaded commands.ping
2025-03-24 23:03:37,288 [INFO] ✓ Loaded commands.forcesparkle
2025-03-24 23:03:37,290 [INFO] ✓ Loaded commands.pronouns
2025-03-24 23:03:37,293 [INFO] ✓ Loaded commands.system
2025-03-24 23:03:37,295 [INFO] ✓ Loaded commands.send_message
2025-03-24 23:03:37,298 [INFO] ✓ Loaded commands.coins_lb
2025-03-24 23:03:37,300 [INFO] ✓ Loaded commands.whoareyou
2025-03-24 23:03:37,301 [INFO] ✓ Loaded events.boom
2025-03-24 23:03:37,305 [ERROR] ✗ Failed to load events.xp_tracker: ExtensionFailed: Extension 'events.xp_tracker' raised an error: ImportError: cannot import name 'LEVEL_UP_BONUS' from 'utils.xp_utils' (/home/lilac/nova/utils/xp_utils.py)
2025-03-24 23:03:37,305 [INFO] ✓ Loaded events.name
2025-03-24 23:03:37,307 [INFO] ✓ Loaded events.sparkle
2025-03-24 23:03:37,661 [INFO] Shard ID None has connected to Gateway (Session ID: 96fccefe99a242261edc9d394c41d892).
2025-03-24 23:03:39,801 [INFO] Logged in as Nova#1119 (ID: 1346531772841590794)
2025-03-24 23:03:39,801 [INFO] Connected to 5 guilds
2025-03-24 23:03:40,318 [INFO] Synced 9 commands
2025-03-24 23:04:31,984 [INFO] Shutting down database connections
2025-03-24 23:04:32,838 [WARNING] PyNaCl is not installed, voice will NOT be supported
2025-03-24 23:04:32,839 [DEBUG] on_ready has successfully been registered as an event
2025-03-24 23:04:32,840 [DEBUG] Using selector: EpollSelector
2025-03-24 23:04:32,841 [INFO] logging in using static token
2025-03-24 23:04:33,454 [INFO] Database initialization complete
2025-03-24 23:04:33,456 [INFO] Loading extensions...
2025-03-24 23:04:33,457 [ERROR] ✗ Failed to load commands.xp: ExtensionFailed: Extension 'commands.xp' raised an error: ImportError: cannot import name 'xp_needed_for_level' from 'utils.xp_utils' (/home/lilac/nova/utils/xp_utils.py)
2025-03-24 23:04:33,460 [INFO] ✓ Loaded commands.xp_lb
2025-03-24 23:04:33,461 [INFO] ✓ Loaded commands.sparkle_leaderboard
2025-03-24 23:04:33,463 [INFO] ✓ Loaded commands.ping
2025-03-24 23:04:33,465 [INFO] ✓ Loaded commands.forcesparkle
2025-03-24 23:04:33,466 [INFO] ✓ Loaded commands.pronouns
2025-03-24 23:04:33,469 [INFO] ✓ Loaded commands.system
2025-03-24 23:04:33,470 [INFO] ✓ Loaded commands.send_message
2025-03-24 23:04:33,476 [INFO] ✓ Loaded commands.coins_lb
2025-03-24 23:04:33,477 [INFO] ✓ Loaded commands.whoareyou
2025-03-24 23:04:33,478 [INFO] ✓ Loaded events.boom
2025-03-24 23:04:33,479 [ERROR] ✗ Failed to load events.xp_tracker: ExtensionFailed: Extension 'events.xp_tracker' raised an error: ImportError: cannot import name 'LEVEL_UP_BONUS' from 'utils.xp_utils' (/home/lilac/nova/utils/xp_utils.py)
2025-03-24 23:04:33,480 [INFO] ✓ Loaded events.name
2025-03-24 23:04:33,481 [INFO] ✓ Loaded events.sparkle
2025-03-24 23:04:33,823 [INFO] Shard ID None has connected to Gateway (Session ID: 1ec5e328cb09081d5786a709481cdd36).
2025-03-24 23:04:35,971 [INFO] Logged in as Nova#1119 (ID: 1346531772841590794)
2025-03-24 23:04:35,972 [INFO] Connected to 5 guilds
2025-03-24 23:04:36,448 [INFO] Synced 9 commands
2025-03-24 23:05:48,503 [INFO] Shutting down database connections
2025-03-24 23:05:49,536 [WARNING] PyNaCl is not installed, voice will NOT be supported
2025-03-24 23:05:49,538 [DEBUG] on_ready has successfully been registered as an event
2025-03-24 23:05:49,539 [DEBUG] Using selector: EpollSelector
2025-03-24 23:05:49,539 [INFO] logging in using static token
2025-03-24 23:05:50,176 [INFO] Database initialization complete
2025-03-24 23:05:50,179 [INFO] Loading extensions...
2025-03-24 23:05:50,181 [ERROR] ✗ Failed to load commands.xp: ExtensionFailed: Extension 'commands.xp' raised an error: ImportError: cannot import name 'xp_needed_for_level' from 'utils.xp_utils' (/home/lilac/nova/utils/xp_utils.py)
2025-03-24 23:05:50,185 [INFO] ✓ Loaded commands.xp_lb
2025-03-24 23:05:50,187 [INFO] ✓ Loaded commands.sparkle_leaderboard
2025-03-24 23:05:50,189 [INFO] ✓ Loaded commands.ping
2025-03-24 23:05:50,191 [INFO] ✓ Loaded commands.forcesparkle
2025-03-24 23:05:50,193 [INFO] ✓ Loaded commands.pronouns
2025-03-24 23:05:50,196 [INFO] ✓ Loaded commands.system
2025-03-24 23:05:50,198 [INFO] ✓ Loaded commands.send_message
2025-03-24 23:05:50,200 [INFO] ✓ Loaded commands.coins_lb
2025-03-24 23:05:50,201 [INFO] ✓ Loaded commands.whoareyou
2025-03-24 23:05:50,202 [INFO] ✓ Loaded events.boom
2025-03-24 23:05:50,207 [ERROR] ✗ Failed to load events.xp_tracker: ExtensionFailed: Extension 'events.xp_tracker' raised an error: ImportError: cannot import name 'LEVEL_UP_BONUS' from 'utils.xp_utils' (/home/lilac/nova/utils/xp_utils.py)
2025-03-24 23:05:50,207 [INFO] ✓ Loaded events.name
2025-03-24 23:05:50,210 [INFO] ✓ Loaded events.sparkle
2025-03-24 23:05:50,554 [INFO] Shard ID None has connected to Gateway (Session ID: 879b73225450bf3697bba59c5f57e6ac).
2025-03-24 23:05:52,701 [INFO] Logged in as Nova#1119 (ID: 1346531772841590794)
2025-03-24 23:05:52,702 [INFO] Connected to 5 guilds
2025-03-24 23:05:53,230 [INFO] Synced 9 commands
2025-03-24 23:11:57,510 [INFO] Shutting down database connections
2025-03-24 23:11:58,449 [WARNING] PyNaCl is not installed, voice will NOT be supported
2025-03-24 23:11:58,450 [DEBUG] on_ready has successfully been registered as an event
2025-03-24 23:11:58,451 [DEBUG] Using selector: EpollSelector
2025-03-24 23:11:58,452 [INFO] logging in using static token
2025-03-24 23:11:58,982 [INFO] 🔄 Starting bot initialization...
2025-03-24 23:11:59,007 [INFO] ✅ Database initialized successfully
2025-03-24 23:11:59,008 [INFO] 🔄 Loading extensions...
2025-03-24 23:11:59,010 [WARNING] ✗ Failed to load commands.xp: ExtensionFailed: Extension 'commands.xp' raised an error: ImportError: cannot import name 'xp_needed_for_level' from 'utils.xp_utils' (/home/lilac/nova/utils/xp_utils.py)
2025-03-24 23:11:59,013 [DEBUG] ✓ Loaded commands.xp_lb
2025-03-24 23:11:59,015 [DEBUG] ✓ Loaded commands.sparkle_leaderboard
2025-03-24 23:11:59,017 [DEBUG] ✓ Loaded commands.ping
2025-03-24 23:11:59,020 [DEBUG] ✓ Loaded commands.forcesparkle
2025-03-24 23:11:59,021 [DEBUG] ✓ Loaded commands.pronouns
2025-03-24 23:11:59,024 [DEBUG] ✓ Loaded commands.system
2025-03-24 23:11:59,026 [DEBUG] ✓ Loaded commands.send_message
2025-03-24 23:11:59,030 [WARNING] ✗ Failed to load commands.coins_lb: ExtensionFailed: Extension 'commands.coins_lb' raised an error: ImportError: cannot import name 'log_command' from 'utils.logger' (/home/lilac/nova/utils/logger.py)
2025-03-24 23:11:59,033 [DEBUG] ✓ Loaded commands.whoareyou
2025-03-24 23:11:59,035 [DEBUG] ✓ Loaded events.boom
2025-03-24 23:11:59,039 [WARNING] ✗ Failed to load events.xp_tracker: ExtensionFailed: Extension 'events.xp_tracker' raised an error: ImportError: cannot import name 'LEVEL_UP_BONUS' from 'utils.xp_utils' (/home/lilac/nova/utils/xp_utils.py)
2025-03-24 23:11:59,040 [DEBUG] ✓ Loaded events.name
2025-03-24 23:11:59,042 [DEBUG] ✓ Loaded events.sparkle
2025-03-24 23:11:59,042 [INFO] 🚀 Bot initialization complete!
2025-03-24 23:11:59,371 [INFO] Shard ID None has connected to Gateway (Session ID: c275171495fea2af4a7c68e8d0e92219).
2025-03-24 23:12:01,505 [INFO] 👋 Logged in as Nova#1119 (ID: 1346531772841590794)
2025-03-24 23:12:01,851 [INFO] 🌐 Connected to 5 guilds
2025-03-24 23:16:28,389 [INFO] 🛑 Bot shutting down...
2025-03-24 23:16:29,838 [WARNING] PyNaCl is not installed, voice will NOT be supported
2025-03-24 23:16:29,839 [DEBUG] on_ready has successfully been registered as an event
2025-03-24 23:16:29,840 [DEBUG] Using selector: EpollSelector
2025-03-24 23:16:29,841 [INFO] logging in using static token
2025-03-24 23:16:30,436 [INFO] 🔄 Starting bot initialization...
2025-03-24 23:16:30,462 [INFO] ✅ Database initialized successfully
2025-03-24 23:16:30,473 [WARNING] ✗ Failed to load commands.xp: ExtensionFailed: Extension 'commands.xp' raised an error: ImportError: cannot import name 'xp_needed_for_level' from 'utils.xp_utils' (/home/lilac/nova/utils/xp_utils.py)
2025-03-24 23:16:30,477 [DEBUG] ✓ Loaded commands.xp_lb
2025-03-24 23:16:30,480 [DEBUG] ✓ Loaded commands.sparkle_leaderboard
2025-03-24 23:16:30,482 [DEBUG] ✓ Loaded commands.ping
2025-03-24 23:16:30,485 [DEBUG] ✓ Loaded commands.forcesparkle
2025-03-24 23:16:30,487 [DEBUG] ✓ Loaded commands.pronouns
2025-03-24 23:16:30,490 [DEBUG] ✓ Loaded commands.system
2025-03-24 23:16:30,491 [DEBUG] ✓ Loaded commands.send_message
2025-03-24 23:16:30,493 [WARNING] ✗ Failed to load commands.coins_lb: ExtensionFailed: Extension 'commands.coins_lb' raised an error: ImportError: cannot import name 'log_command' from 'utils.logger' (/home/lilac/nova/utils/logger.py)
2025-03-24 23:16:30,495 [DEBUG] ✓ Loaded commands.whoareyou
2025-03-24 23:16:30,496 [DEBUG] ✓ Loaded events.boom
2025-03-24 23:16:30,501 [WARNING] ✗ Failed to load events.xp_tracker: ExtensionFailed: Extension 'events.xp_tracker' raised an error: ImportError: cannot import name 'LEVEL_UP_BONUS' from 'utils.xp_utils' (/home/lilac/nova/utils/xp_utils.py)
2025-03-24 23:16:30,502 [DEBUG] ✓ Loaded events.name
2025-03-24 23:16:30,503 [DEBUG] ✓ Loaded events.sparkle
2025-03-24 23:16:30,504 [INFO] 🚀 Bot initialization complete!
2025-03-24 23:16:30,869 [INFO] Shard ID None has connected to Gateway (Session ID: 4de16799e4309e8f9ef6714e5c38de86).
2025-03-24 23:16:32,980 [INFO] 👋 Logged in as Nova#1119 (ID: 1346531772841590794)
2025-03-24 23:16:33,201 [INFO] 🌐 Connected to 5 guilds
2025-03-24 23:16:41,247 [INFO] ⚡ Command executed: xpleaderboard
User: lilac_aria_rose (ID: 252130669919076352)
Server: The Library ^-^
Channel: general
Arguments: 10 
2025-03-24 23:16:41,500 [DEBUG] ✅ Command completed: xpleaderboard
User: lilac_aria_rose (ID: 252130669919076352)
2025-03-24 23:16:58,335 [ERROR] ❌ Error logging failed: 'NoneType' object has no attribute 'qualified_name'
2025-03-24 23:18:11,054 [INFO] 🛑 Bot shutting down...
2025-03-24 23:18:12,571 [WARNING] PyNaCl is not installed, voice will NOT be supported
2025-03-24 23:18:12,573 [DEBUG] on_ready has successfully been registered as an event
2025-03-24 23:18:12,574 [DEBUG] Using selector: EpollSelector
2025-03-24 23:18:12,574 [INFO] logging in using static token
2025-03-24 23:18:13,371 [INFO] 🔄 Starting bot initialization...
2025-03-24 23:18:13,391 [INFO] ✅ Database initialized successfully
2025-03-24 23:18:13,401 [WARNING] ✗ Failed to load commands.xp: ExtensionFailed: Extension 'commands.xp' raised an error: ImportError: cannot import name 'xp_needed_for_level' from 'utils.xp_utils' (/home/lilac/nova/utils/xp_utils.py)
2025-03-24 23:18:13,405 [DEBUG] ✓ Loaded commands.xp_lb
2025-03-24 23:18:13,408 [DEBUG] ✓ Loaded commands.sparkle_leaderboard
2025-03-24 23:18:13,412 [DEBUG] ✓ Loaded commands.ping
2025-03-24 23:18:13,417 [DEBUG] ✓ Loaded commands.forcesparkle
2025-03-24 23:18:13,421 [DEBUG] ✓ Loaded commands.pronouns
2025-03-24 23:18:13,425 [DEBUG] ✓ Loaded commands.system
2025-03-24 23:18:13,428 [DEBUG] ✓ Loaded commands.send_message
2025-03-24 23:18:13,431 [WARNING] ✗ Failed to load commands.coins_lb: ExtensionFailed: Extension 'commands.coins_lb' raised an error: ImportError: cannot import name 'log_command' from 'utils.logger' (/home/lilac/nova/utils/logger.py)
2025-03-24 23:18:13,433 [DEBUG] ✓ Loaded commands.whoareyou
2025-03-24 23:18:13,433 [DEBUG] ✓ Loaded events.boom
2025-03-24 23:18:13,435 [WARNING] ✗ Failed to load events.xp_tracker: ExtensionFailed: Extension 'events.xp_tracker' raised an error: ImportError: cannot import name 'LEVEL_UP_BONUS' from 'utils.xp_utils' (/home/lilac/nova/utils/xp_utils.py)
2025-03-24 23:18:13,436 [DEBUG] ✓ Loaded events.name
2025-03-24 23:18:13,437 [DEBUG] ✓ Loaded events.sparkle
2025-03-24 23:18:13,437 [INFO] 🚀 Bot initialization complete!
2025-03-24 23:18:13,811 [INFO] Shard ID None has connected to Gateway (Session ID: 5eca6fc14213032828d7a41f50ac15b1).
2025-03-24 23:18:15,926 [INFO] 👋 Logged in as Nova#1119 (ID: 1346531772841590794)
2025-03-24 23:18:16,129 [INFO] 🌐 Connected to 5 guilds
2025-03-24 23:18:21,348 [ERROR] ❌ Error logging failed: 'NoneType' object has no attribute 'qualified_name'
2025-03-24 23:18:42,280 [ERROR] ❌ Error logging failed: 'NoneType' object has no attribute 'qualified_name'
2025-03-24 23:20:19,522 [INFO] ⚡ Command executed: whoareyou
User: lilac_aria_rose (ID: 252130669919076352)
Server: The Library ^-^
Channel: general
Arguments:  
2025-03-24 23:20:20,019 [DEBUG] ✅ Command completed: whoareyou
User: lilac_aria_rose (ID: 252130669919076352)
2025-03-24 23:27:49,070 [INFO] 🛑 Bot shutting down...
2025-03-24 23:27:50,303 [WARNING] PyNaCl is not installed, voice will NOT be supported
2025-03-24 23:27:50,305 [DEBUG] on_ready has successfully been registered as an event
2025-03-24 23:27:50,306 [DEBUG] Using selector: EpollSelector
2025-03-24 23:27:50,306 [INFO] logging in using static token
2025-03-24 23:27:51,068 [INFO] 🔄 Starting bot initialization...
2025-03-24 23:27:51,089 [INFO] ✅ Database initialized successfully
2025-03-24 23:27:51,100 [DEBUG] ✓ Loaded commands.xp
2025-03-24 23:27:51,103 [DEBUG] ✓ Loaded commands.xp_lb
2025-03-24 23:27:51,104 [DEBUG] ✓ Loaded commands.sparkle_leaderboard
2025-03-24 23:27:51,107 [DEBUG] ✓ Loaded commands.ping
2025-03-24 23:27:51,109 [DEBUG] ✓ Loaded commands.forcesparkle
2025-03-24 23:27:51,110 [DEBUG] ✓ Loaded commands.pronouns
2025-03-24 23:27:51,112 [DEBUG] ✓ Loaded commands.system
2025-03-24 23:27:51,114 [DEBUG] ✓ Loaded commands.send_message
2025-03-24 23:27:51,117 [DEBUG] ✓ Loaded commands.coins_lb
2025-03-24 23:27:51,119 [DEBUG] ✓ Loaded commands.whoareyou
2025-03-24 23:27:51,120 [DEBUG] ✓ Loaded events.boom
2025-03-24 23:27:51,125 [DEBUG] ✓ Loaded events.xp_tracker
2025-03-24 23:27:51,125 [DEBUG] ✓ Loaded events.name
2025-03-24 23:27:51,127 [DEBUG] ✓ Loaded events.sparkle
2025-03-24 23:27:51,127 [INFO] 🚀 Bot initialization complete!
2025-03-24 23:27:51,593 [INFO] Shard ID None has connected to Gateway (Session ID: 85d7a60a8e6c521d01d5c35cb03175ca).
2025-03-24 23:27:53,714 [INFO] 👋 Logged in as Nova#1119 (ID: 1346531772841590794)
2025-03-24 23:27:53,987 [INFO] 🌐 Connected to 5 guilds
2025-03-24 23:27:57,507 [INFO] ⚡ Command executed: xp
User: lilac_aria_rose (ID: 252130669919076352)
Server: The Library ^-^
Channel: general
Arguments: None 
2025-03-24 23:27:57,804 [DEBUG] ✅ Command completed: xp
User: lilac_aria_rose (ID: 252130669919076352)
2025-03-24 23:28:02,040 [INFO] ⚡ Command executed: xpleaderboard
User: lilac_aria_rose (ID: 252130669919076352)
Server: The Library ^-^
Channel: general
Arguments: 10 
2025-03-24 23:28:02,258 [DEBUG] ✅ Command completed: xpleaderboard
User: lilac_aria_rose (ID: 252130669919076352)
2025-03-24 23:28:03,979 [INFO] Command executed: coinsleaderboard by lilac_aria_rose
2025-03-24 23:28:03,981 [INFO] ⚡ Command executed: coinsleaderboard
User: lilac_aria_rose (ID: 252130669919076352)
Server: The Library ^-^
Channel: general
Arguments: 10 
2025-03-24 23:28:04,714 [DEBUG] Successfully displayed coins leaderboard
2025-03-24 23:28:04,936 [DEBUG] ✅ Command completed: coinsleaderboard
User: lilac_aria_rose (ID: 252130669919076352)
2025-03-24 23:29:44,752 [INFO] 🛑 Bot shutting down...
2025-03-24 23:29:46,092 [WARNING] PyNaCl is not installed, voice will NOT be supported
2025-03-24 23:29:46,093 [DEBUG] on_ready has successfully been registered as an event
2025-03-24 23:29:46,094 [DEBUG] Using selector: EpollSelector
2025-03-24 23:29:46,095 [INFO] logging in using static token
2025-03-24 23:29:46,669 [INFO] 🔄 Starting bot initialization...
2025-03-24 23:29:46,690 [INFO] ✅ Database initialized successfully
2025-03-24 23:29:46,700 [DEBUG] ✓ Loaded commands.xp
2025-03-24 23:29:46,703 [DEBUG] ✓ Loaded commands.xp_lb
2025-03-24 23:29:46,704 [DEBUG] ✓ Loaded commands.sparkle_leaderboard
2025-03-24 23:29:46,706 [DEBUG] ✓ Loaded commands.ping
2025-03-24 23:29:46,708 [DEBUG] ✓ Loaded commands.forcesparkle
2025-03-24 23:29:46,710 [DEBUG] ✓ Loaded commands.pronouns
2025-03-24 23:29:46,713 [DEBUG] ✓ Loaded commands.system
2025-03-24 23:29:46,715 [DEBUG] ✓ Loaded commands.send_message
2025-03-24 23:29:46,717 [DEBUG] ✓ Loaded commands.coins_lb
2025-03-24 23:29:46,719 [DEBUG] ✓ Loaded commands.whoareyou
2025-03-24 23:29:46,721 [DEBUG] ✓ Loaded events.boom
2025-03-24 23:29:46,722 [DEBUG] ✓ Loaded events.xp_tracker
2025-03-24 23:29:46,723 [DEBUG] ✓ Loaded events.name
2025-03-24 23:29:46,723 [DEBUG] ✓ Loaded events.sparkle
2025-03-24 23:29:46,724 [INFO] 🚀 Bot initialization complete!
2025-03-24 23:29:47,150 [INFO] Shard ID None has connected to Gateway (Session ID: d7cefd6abd2dcd911d8a89626b05fd8c).
2025-03-24 23:29:49,274 [INFO] 👋 Logged in as Nova#1119 (ID: 1346531772841590794)
2025-03-24 23:29:49,450 [INFO] 🌐 Connected to 5 guilds
2025-03-24 23:30:06,973 [INFO] ⚡ Command executed: xp
User: lilac_aria_rose (ID: 252130669919076352)
Server: The Library ^-^
Channel: general
Arguments: None 
2025-03-24 23:30:07,368 [DEBUG] ✅ Command completed: xp
User: lilac_aria_rose (ID: 252130669919076352)
